2025-06-10T17:34:51.972Z [HEALTHSERVICE] error: Error rejimi
2025-06-10T17:34:51.978Z [HEALTHSERVICE] info: Oddiy log
2025-06-10T17:34:51.979Z [HEALTHSERVICE] error: Error rejimi
2025-06-10T17:34:51.979Z [HEALTHSERVICE] warn: warn rejimi
2025-06-10T17:34:51.979Z [HEALTHSERVICE] info: info rejimi
2025-06-10T17:34:52.097Z [HEALTHSERVICE] error: unhandledRejection: Unhandled error. ('error: relation "public.logs" does not exist\n' +
  '    at C:\\Users\\User\\Desktop\\healthService\\node_modules\\pg\\lib\\client.js:545:17\n' +
  '    at process.processTicksAndRejections (node:internal/process/task_queues:105:5)')
Error [ERR_UNHANDLED_ERROR]: Unhandled error. ('error: relation "public.logs" does not exist\n' +
  '    at C:\\Users\\User\\Desktop\\healthService\\node_modules\\pg\\lib\\client.js:545:17\n' +
  '    at process.processTicksAndRejections (node:internal/process/task_queues:105:5)')
    at DerivedLogger.emit (node:events:507:17)
    at DerivedLogger.transportEvent (C:\Users\User\Desktop\healthService\node_modules\winston\lib\winston\logger.js:640:12)
    at PostgresTransport.emit (node:events:530:35)
    at C:\Users\User\Desktop\healthService\node_modules\@innova2\winston-pg\dist\postgres-transport.js:70:18
    at process.processTicksAndRejections (node:internal/process/task_queues:105:5)
2025-06-10T17:34:53.934Z [HEALTHSERVICE] error: Error rejimi
2025-06-10T17:34:53.940Z [HEALTHSERVICE] info: Oddiy log
2025-06-10T17:34:53.940Z [HEALTHSERVICE] error: Error rejimi
2025-06-10T17:34:53.941Z [HEALTHSERVICE] warn: warn rejimi
2025-06-10T17:34:53.943Z [HEALTHSERVICE] info: info rejimi
2025-06-10T17:35:52.379Z [HEALTHSERVICE] error: Error rejimi
2025-06-10T17:35:52.385Z [HEALTHSERVICE] info: App started
2025-06-10T17:35:52.386Z [HEALTHSERVICE] warn: Warning test
2025-06-10T17:35:52.386Z [HEALTHSERVICE] error: Error test
2025-06-10T17:35:56.604Z [HEALTHSERVICE] error: Error rejimi
2025-06-10T17:35:56.610Z [HEALTHSERVICE] info: App started
2025-06-10T17:35:56.610Z [HEALTHSERVICE] warn: Warning test
2025-06-10T17:35:56.611Z [HEALTHSERVICE] error: Error test
2025-06-10T17:36:56.234Z [HEALTHSERVICE] error: Error rejimi
2025-06-10T17:36:56.240Z [HEALTHSERVICE] info: App started
2025-06-10T17:36:56.240Z [HEALTHSERVICE] warn: Warning test
2025-06-10T17:36:56.241Z [HEALTHSERVICE] error: Error test
2025-06-11T05:24:39.435Z [HEALTHSERVICE] error: Error rejimi
2025-06-11T05:24:39.441Z [HEALTHSERVICE] info: App started
2025-06-11T05:24:39.442Z [HEALTHSERVICE] warn: Warning test
2025-06-11T05:24:39.442Z [HEALTHSERVICE] error: Error test
2025-06-11T05:24:40.873Z [HEALTHSERVICE] error: Error rejimi
2025-06-11T05:24:40.883Z [HEALTHSERVICE] info: App started
2025-06-11T05:24:40.883Z [HEALTHSERVICE] warn: Warning test
2025-06-11T05:24:40.883Z [HEALTHSERVICE] error: Error test
2025-06-11T05:27:59.129Z [HEALTHSERVICE] error: Error rejimi
2025-06-11T05:27:59.135Z [HEALTHSERVICE] info: App started
2025-06-11T05:27:59.136Z [HEALTHSERVICE] warn: Warning test
2025-06-11T05:27:59.136Z [HEALTHSERVICE] error: Error test
2025-06-11T05:31:56.763Z [HEALTHSERVICE] error: Error rejimi
2025-06-11T05:31:56.769Z [HEALTHSERVICE] info: App started
2025-06-11T05:31:56.769Z [HEALTHSERVICE] warn: Warning test
2025-06-11T05:31:56.770Z [HEALTHSERVICE] error: Error test
2025-06-11T05:32:24.235Z [HEALTHSERVICE] error: Error rejimi
2025-06-11T05:32:24.258Z [HEALTHSERVICE] info: App started
2025-06-11T05:32:24.259Z [HEALTHSERVICE] warn: Warning test
2025-06-11T05:32:24.260Z [HEALTHSERVICE] error: Error test
2025-06-11T05:33:04.356Z [HEALTHSERVICE] error: Error rejimi
2025-06-11T05:33:04.370Z [HEALTHSERVICE] info: App started
2025-06-11T05:33:04.371Z [HEALTHSERVICE] warn: Warning test
2025-06-11T05:33:04.372Z [HEALTHSERVICE] error: Error test
2025-06-11T05:33:34.942Z [HEALTHSERVICE] error: Error rejimi
2025-06-11T05:33:34.952Z [HEALTHSERVICE] info: App started
2025-06-11T05:33:34.953Z [HEALTHSERVICE] warn: Warning test
2025-06-11T05:33:34.953Z [HEALTHSERVICE] error: Error test
2025-06-11T05:33:47.391Z [HEALTHSERVICE] error: Error rejimi
2025-06-11T05:33:47.405Z [HEALTHSERVICE] info: App started
2025-06-11T05:33:47.406Z [HEALTHSERVICE] warn: Warning test
2025-06-11T05:33:47.407Z [HEALTHSERVICE] error: Error test
2025-06-11T05:35:11.898Z [HEALTHSERVICE] error: Error rejimi
2025-06-11T05:35:11.911Z [HEALTHSERVICE] info: App started
2025-06-11T05:35:11.912Z [HEALTHSERVICE] warn: Warning test
2025-06-11T05:35:11.912Z [HEALTHSERVICE] error: Error test
2025-06-11T05:35:52.038Z [HEALTHSERVICE] error: Error rejimi
2025-06-11T05:35:52.047Z [HEALTHSERVICE] info: App started
2025-06-11T05:35:52.048Z [HEALTHSERVICE] warn: Warning test
2025-06-11T05:35:52.048Z [HEALTHSERVICE] error: Error test
2025-06-11T05:35:58.690Z [HEALTHSERVICE] error: Error rejimi
2025-06-11T05:35:58.700Z [HEALTHSERVICE] info: App started
2025-06-11T05:35:58.701Z [HEALTHSERVICE] warn: Warning test
2025-06-11T05:35:58.701Z [HEALTHSERVICE] error: Error test
2025-06-11T05:36:24.517Z [HEALTHSERVICE] error: Error rejimi
2025-06-11T05:36:24.530Z [HEALTHSERVICE] info: App started
2025-06-11T05:36:24.533Z [HEALTHSERVICE] warn: Warning test
2025-06-11T05:36:24.534Z [HEALTHSERVICE] error: Error test
2025-06-11T06:03:15.901Z [HEALTHSERVICE] error: Error rejimi
2025-06-11T06:03:15.915Z [HEALTHSERVICE] info: App started
2025-06-11T06:03:15.915Z [HEALTHSERVICE] warn: Warning test
2025-06-11T06:03:15.916Z [HEALTHSERVICE] error: Error test
2025-06-11T06:15:46.149Z [HEALTHSERVICE] error: Error rejimi
2025-06-11T06:15:46.156Z [HEALTHSERVICE] info: App started
2025-06-11T06:15:46.157Z [HEALTHSERVICE] warn: Warning test
2025-06-11T06:15:46.157Z [HEALTHSERVICE] error: Error test
2025-06-11T06:16:59.482Z [HEALTHSERVICE] error: Error rejimi
2025-06-11T06:16:59.493Z [HEALTHSERVICE] info: App started
2025-06-11T06:16:59.493Z [HEALTHSERVICE] warn: Warning test
2025-06-11T06:16:59.494Z [HEALTHSERVICE] error: Error test
2025-06-11T06:24:22.729Z [HEALTHSERVICE] error: Error rejimi
2025-06-11T06:24:22.735Z [HEALTHSERVICE] info: App started
2025-06-11T06:24:22.736Z [HEALTHSERVICE] warn: Warning test
2025-06-11T06:24:22.736Z [HEALTHSERVICE] error: Error test
2025-06-11T06:24:36.349Z [HEALTHSERVICE] error: Error rejimi
2025-06-11T06:24:36.357Z [HEALTHSERVICE] info: App started
2025-06-11T06:24:36.357Z [HEALTHSERVICE] warn: Warning test
2025-06-11T06:24:36.357Z [HEALTHSERVICE] error: Error test
2025-06-11T06:24:39.525Z [HEALTHSERVICE] error: Error rejimi
2025-06-11T06:24:39.531Z [HEALTHSERVICE] info: App started
2025-06-11T06:24:39.531Z [HEALTHSERVICE] warn: Warning test
2025-06-11T06:24:39.531Z [HEALTHSERVICE] error: Error test
2025-06-11T06:24:44.344Z [HEALTHSERVICE] error: Error rejimi
2025-06-11T06:24:44.351Z [HEALTHSERVICE] info: App started
2025-06-11T06:24:44.351Z [HEALTHSERVICE] warn: Warning test
2025-06-11T06:24:44.351Z [HEALTHSERVICE] error: Error test
2025-06-11T06:29:22.223Z [HEALTHSERVICE] error: Error rejimi
2025-06-11T06:29:22.232Z [HEALTHSERVICE] info: App started
2025-06-11T06:29:22.233Z [HEALTHSERVICE] warn: Warning test
2025-06-11T06:29:22.233Z [HEALTHSERVICE] error: Error test
2025-06-11T06:29:27.802Z [HEALTHSERVICE] error: Error rejimi
2025-06-11T06:29:27.808Z [HEALTHSERVICE] info: App started
2025-06-11T06:29:27.808Z [HEALTHSERVICE] warn: Warning test
2025-06-11T06:29:27.808Z [HEALTHSERVICE] error: Error test
2025-06-11T06:29:38.305Z [HEALTHSERVICE] error: Error rejimi
2025-06-11T06:29:38.315Z [HEALTHSERVICE] info: App started
2025-06-11T06:29:38.317Z [HEALTHSERVICE] warn: Warning test
2025-06-11T06:29:38.317Z [HEALTHSERVICE] error: Error test
2025-06-11T06:29:41.011Z [HEALTHSERVICE] error: Error rejimi
2025-06-11T06:29:41.017Z [HEALTHSERVICE] info: App started
2025-06-11T06:29:41.017Z [HEALTHSERVICE] warn: Warning test
2025-06-11T06:29:41.018Z [HEALTHSERVICE] error: Error test
2025-06-11T06:31:41.795Z [HEALTHSERVICE] error: Error rejimi
2025-06-11T06:31:41.801Z [HEALTHSERVICE] info: App started
2025-06-11T06:31:41.801Z [HEALTHSERVICE] warn: Warning test
2025-06-11T06:31:41.801Z [HEALTHSERVICE] error: Error test
2025-06-11T06:37:30.350Z [HEALTHSERVICE] error: Error rejimi
2025-06-11T06:37:30.358Z [HEALTHSERVICE] info: App started
2025-06-11T06:37:30.358Z [HEALTHSERVICE] warn: Warning test
2025-06-11T06:37:30.359Z [HEALTHSERVICE] error: Error test
2025-06-11T06:37:31.911Z [HEALTHSERVICE] error: Error rejimi
2025-06-11T06:37:31.917Z [HEALTHSERVICE] info: App started
2025-06-11T06:37:31.918Z [HEALTHSERVICE] warn: Warning test
2025-06-11T06:37:31.918Z [HEALTHSERVICE] error: Error test
2025-06-11T06:39:58.074Z [HEALTHSERVICE] error: Error rejimi
2025-06-11T06:39:58.081Z [HEALTHSERVICE] info: App started
2025-06-11T06:39:58.081Z [HEALTHSERVICE] warn: Warning test
2025-06-11T06:39:58.082Z [HEALTHSERVICE] error: Error test
2025-06-11T06:40:06.621Z [HEALTHSERVICE] error: Error rejimi
2025-06-11T06:40:06.631Z [HEALTHSERVICE] info: App started
2025-06-11T06:40:06.631Z [HEALTHSERVICE] warn: Warning test
2025-06-11T06:40:06.632Z [HEALTHSERVICE] error: Error test
2025-06-11T06:41:17.900Z [HEALTHSERVICE] error: Error rejimi
2025-06-11T06:41:17.907Z [HEALTHSERVICE] info: App started
2025-06-11T06:41:17.907Z [HEALTHSERVICE] warn: Warning test
2025-06-11T06:41:17.907Z [HEALTHSERVICE] error: Error test
2025-06-11T06:41:40.483Z [HEALTHSERVICE] error: Error rejimi
2025-06-11T06:41:40.493Z [HEALTHSERVICE] info: App started
2025-06-11T06:41:40.494Z [HEALTHSERVICE] warn: Warning test
2025-06-11T06:41:40.494Z [HEALTHSERVICE] error: Error test
2025-06-11T06:41:44.520Z [HEALTHSERVICE] error: Error rejimi
2025-06-11T06:41:44.529Z [HEALTHSERVICE] info: App started
2025-06-11T06:41:44.529Z [HEALTHSERVICE] warn: Warning test
2025-06-11T06:41:44.529Z [HEALTHSERVICE] error: Error test
2025-06-11T06:47:49.275Z [HEALTHSERVICE] error: Error rejimi
2025-06-11T06:47:49.285Z [HEALTHSERVICE] info: App started
2025-06-11T06:47:49.286Z [HEALTHSERVICE] warn: Warning test
2025-06-11T06:47:49.286Z [HEALTHSERVICE] error: Error test
2025-06-11T06:47:58.673Z [HEALTHSERVICE] error: Error rejimi
2025-06-11T06:47:58.701Z [HEALTHSERVICE] info: App started
2025-06-11T06:47:58.703Z [HEALTHSERVICE] warn: Warning test
2025-06-11T06:47:58.704Z [HEALTHSERVICE] error: Error test
2025-06-11T06:59:09.581Z [HEALTHSERVICE] error: Error rejimi
2025-06-11T06:59:09.592Z [HEALTHSERVICE] info: App started
2025-06-11T06:59:09.592Z [HEALTHSERVICE] warn: Warning test
2025-06-11T06:59:09.593Z [HEALTHSERVICE] error: Error test
2025-06-11T06:59:53.097Z [HEALTHSERVICE] error: Error rejimi
2025-06-11T06:59:53.105Z [HEALTHSERVICE] info: App started
2025-06-11T06:59:53.106Z [HEALTHSERVICE] warn: Warning test
2025-06-11T06:59:53.106Z [HEALTHSERVICE] error: Error test
2025-06-11T09:47:45.008Z [HEALTHSERVICE] error: Error rejimi
2025-06-11T09:47:45.020Z [HEALTHSERVICE] info: App started
2025-06-11T09:47:45.021Z [HEALTHSERVICE] warn: Warning test
2025-06-11T09:47:45.021Z [HEALTHSERVICE] error: Error test
2025-06-11T09:47:46.530Z [HEALTHSERVICE] error: Error rejimi
2025-06-11T09:47:46.535Z [HEALTHSERVICE] info: App started
2025-06-11T09:47:46.535Z [HEALTHSERVICE] warn: Warning test
2025-06-11T09:47:46.536Z [HEALTHSERVICE] error: Error test
2025-06-11T09:54:47.913Z [HEALTHSERVICE] error: Error rejimi
2025-06-11T09:54:47.920Z [HEALTHSERVICE] info: App started
2025-06-11T09:54:47.920Z [HEALTHSERVICE] warn: Warning test
2025-06-11T09:54:47.921Z [HEALTHSERVICE] error: Error test
2025-06-11T10:00:54.453Z [HEALTHSERVICE] error: Error rejimi
2025-06-11T10:00:54.461Z [HEALTHSERVICE] info: App started
2025-06-11T10:00:54.462Z [HEALTHSERVICE] warn: Warning test
2025-06-11T10:00:54.463Z [HEALTHSERVICE] error: Error test
2025-06-11T10:46:51.002Z [HEALTHSERVICE] error: Error rejimi
2025-06-11T10:46:51.008Z [HEALTHSERVICE] info: App started
2025-06-11T10:46:51.008Z [HEALTHSERVICE] warn: Warning test
2025-06-11T10:46:51.008Z [HEALTHSERVICE] error: Error test
2025-06-11T10:48:00.671Z [HEALTHSERVICE] error: Error rejimi
2025-06-11T10:48:00.677Z [HEALTHSERVICE] info: App started
2025-06-11T10:48:00.677Z [HEALTHSERVICE] warn: Warning test
2025-06-11T10:48:00.678Z [HEALTHSERVICE] error: Error test
2025-06-11T10:48:01.983Z [HEALTHSERVICE] error: Error rejimi
2025-06-11T10:48:01.989Z [HEALTHSERVICE] info: App started
2025-06-11T10:48:01.989Z [HEALTHSERVICE] warn: Warning test
2025-06-11T10:48:01.990Z [HEALTHSERVICE] error: Error test
2025-06-11T10:59:38.199Z [HEALTHSERVICE] error: Error rejimi
2025-06-11T10:59:38.205Z [HEALTHSERVICE] info: App started
2025-06-11T10:59:38.205Z [HEALTHSERVICE] warn: Warning test
2025-06-11T10:59:38.205Z [HEALTHSERVICE] error: Error test
2025-06-11T10:59:39.413Z [HEALTHSERVICE] error: Error rejimi
2025-06-11T10:59:39.419Z [HEALTHSERVICE] info: App started
2025-06-11T10:59:39.419Z [HEALTHSERVICE] warn: Warning test
2025-06-11T10:59:39.419Z [HEALTHSERVICE] error: Error test
2025-06-11T10:59:44.192Z [HEALTHSERVICE] error: Error rejimi
2025-06-11T10:59:44.198Z [HEALTHSERVICE] info: App started
2025-06-11T10:59:44.199Z [HEALTHSERVICE] warn: Warning test
2025-06-11T10:59:44.199Z [HEALTHSERVICE] error: Error test
2025-06-11T10:59:48.701Z [HEALTHSERVICE] error: Error rejimi
2025-06-11T10:59:48.708Z [HEALTHSERVICE] info: App started
2025-06-11T10:59:48.709Z [HEALTHSERVICE] warn: Warning test
2025-06-11T10:59:48.709Z [HEALTHSERVICE] error: Error test
2025-06-11T10:59:50.222Z [HEALTHSERVICE] error: Error rejimi
2025-06-11T10:59:50.228Z [HEALTHSERVICE] info: App started
2025-06-11T10:59:50.229Z [HEALTHSERVICE] warn: Warning test
2025-06-11T10:59:50.229Z [HEALTHSERVICE] error: Error test
2025-06-11T10:59:55.995Z [HEALTHSERVICE] error: Error rejimi
2025-06-11T10:59:56.002Z [HEALTHSERVICE] info: App started
2025-06-11T10:59:56.002Z [HEALTHSERVICE] warn: Warning test
2025-06-11T10:59:56.002Z [HEALTHSERVICE] error: Error test
2025-06-11T11:00:46.566Z [HEALTHSERVICE] error: Error rejimi
2025-06-11T11:00:46.574Z [HEALTHSERVICE] info: App started
2025-06-11T11:00:46.574Z [HEALTHSERVICE] warn: Warning test
2025-06-11T11:00:46.574Z [HEALTHSERVICE] error: Error test
2025-06-11T11:00:55.292Z [HEALTHSERVICE] error: Error rejimi
2025-06-11T11:00:55.298Z [HEALTHSERVICE] info: App started
2025-06-11T11:00:55.299Z [HEALTHSERVICE] warn: Warning test
2025-06-11T11:00:55.299Z [HEALTHSERVICE] error: Error test
2025-06-11T11:14:26.919Z [HEALTHSERVICE] error: Error rejimi
2025-06-11T11:14:26.925Z [HEALTHSERVICE] info: App started
2025-06-11T11:14:26.926Z [HEALTHSERVICE] warn: Warning test
2025-06-11T11:14:26.926Z [HEALTHSERVICE] error: Error test
2025-06-11T11:17:41.926Z [HEALTHSERVICE] error: Error rejimi
2025-06-11T11:17:41.931Z [HEALTHSERVICE] info: App started
2025-06-11T11:17:41.931Z [HEALTHSERVICE] warn: Warning test
2025-06-11T11:17:41.932Z [HEALTHSERVICE] error: Error test
2025-06-11T11:20:32.665Z [HEALTHSERVICE] error: Error rejimi
2025-06-11T11:20:32.679Z [HEALTHSERVICE] info: App started
2025-06-11T11:20:32.680Z [HEALTHSERVICE] warn: Warning test
2025-06-11T11:20:32.681Z [HEALTHSERVICE] error: Error test
2025-06-11T11:25:04.818Z [HEALTHSERVICE] error: Error rejimi
2025-06-11T11:25:04.831Z [HEALTHSERVICE] info: App started
2025-06-11T11:25:04.832Z [HEALTHSERVICE] warn: Warning test
2025-06-11T11:25:04.832Z [HEALTHSERVICE] error: Error test
2025-06-11T11:25:13.623Z [HEALTHSERVICE] error: Error rejimi
2025-06-11T11:25:13.633Z [HEALTHSERVICE] info: App started
2025-06-11T11:25:13.634Z [HEALTHSERVICE] warn: Warning test
2025-06-11T11:25:13.635Z [HEALTHSERVICE] error: Error test
2025-06-11T11:25:17.182Z [HEALTHSERVICE] error: Error rejimi
2025-06-11T11:25:17.195Z [HEALTHSERVICE] info: App started
2025-06-11T11:25:17.196Z [HEALTHSERVICE] warn: Warning test
2025-06-11T11:25:17.196Z [HEALTHSERVICE] error: Error test
2025-06-11T11:25:27.159Z [HEALTHSERVICE] error: Error rejimi
2025-06-11T11:25:27.178Z [HEALTHSERVICE] info: App started
2025-06-11T11:25:27.179Z [HEALTHSERVICE] warn: Warning test
2025-06-11T11:25:27.180Z [HEALTHSERVICE] error: Error test
2025-06-11T11:25:50.377Z [HEALTHSERVICE] error: Error rejimi
2025-06-11T11:25:50.392Z [HEALTHSERVICE] info: App started
2025-06-11T11:25:50.393Z [HEALTHSERVICE] warn: Warning test
2025-06-11T11:25:50.394Z [HEALTHSERVICE] error: Error test
2025-06-11T11:26:05.954Z [HEALTHSERVICE] error: Error rejimi
2025-06-11T11:26:05.990Z [HEALTHSERVICE] info: App started
2025-06-11T11:26:05.993Z [HEALTHSERVICE] warn: Warning test
2025-06-11T11:26:05.996Z [HEALTHSERVICE] error: Error test
2025-06-11T11:26:10.035Z [HEALTHSERVICE] error: Error rejimi
2025-06-11T11:26:10.046Z [HEALTHSERVICE] info: App started
2025-06-11T11:26:10.047Z [HEALTHSERVICE] warn: Warning test
2025-06-11T11:26:10.047Z [HEALTHSERVICE] error: Error test
2025-06-11T11:26:16.975Z [HEALTHSERVICE] error: Error rejimi
2025-06-11T11:26:16.986Z [HEALTHSERVICE] info: App started
2025-06-11T11:26:16.987Z [HEALTHSERVICE] warn: Warning test
2025-06-11T11:26:16.988Z [HEALTHSERVICE] error: Error test
2025-06-11T11:40:30.679Z [HEALTHSERVICE] error: Error rejimi
2025-06-11T11:40:30.687Z [HEALTHSERVICE] info: App started
2025-06-11T11:40:30.688Z [HEALTHSERVICE] warn: Warning test
2025-06-11T11:40:30.688Z [HEALTHSERVICE] error: Error test
2025-06-11T11:41:00.156Z [HEALTHSERVICE] error: Error rejimi
2025-06-11T11:41:00.167Z [HEALTHSERVICE] info: App started
2025-06-11T11:41:00.168Z [HEALTHSERVICE] warn: Warning test
2025-06-11T11:41:00.168Z [HEALTHSERVICE] error: Error test
2025-06-11T11:41:08.267Z [HEALTHSERVICE] error: Error rejimi
2025-06-11T11:41:08.273Z [HEALTHSERVICE] info: App started
2025-06-11T11:41:08.273Z [HEALTHSERVICE] warn: Warning test
2025-06-11T11:41:08.273Z [HEALTHSERVICE] error: Error test
2025-06-11T11:42:39.095Z [HEALTHSERVICE] error: Error rejimi
2025-06-11T11:42:39.102Z [HEALTHSERVICE] info: App started
2025-06-11T11:42:39.103Z [HEALTHSERVICE] warn: Warning test
2025-06-11T11:42:39.103Z [HEALTHSERVICE] error: Error test
2025-06-11T11:44:21.921Z [HEALTHSERVICE] error: Error rejimi
2025-06-11T11:44:21.938Z [HEALTHSERVICE] info: App started
2025-06-11T11:44:21.940Z [HEALTHSERVICE] warn: Warning test
2025-06-11T11:44:21.941Z [HEALTHSERVICE] error: Error test
2025-06-11T11:44:26.858Z [HEALTHSERVICE] error: Error rejimi
2025-06-11T11:44:26.864Z [HEALTHSERVICE] info: App started
2025-06-11T11:44:26.864Z [HEALTHSERVICE] warn: Warning test
2025-06-11T11:44:26.865Z [HEALTHSERVICE] error: Error test
2025-06-11T11:45:39.424Z [HEALTHSERVICE] error: Error rejimi
2025-06-11T11:45:39.430Z [HEALTHSERVICE] info: App started
2025-06-11T11:45:39.430Z [HEALTHSERVICE] warn: Warning test
2025-06-11T11:45:39.430Z [HEALTHSERVICE] error: Error test
2025-06-11T11:48:15.695Z [HEALTHSERVICE] error: Error rejimi
2025-06-11T11:48:15.702Z [HEALTHSERVICE] info: App started
2025-06-11T11:48:15.702Z [HEALTHSERVICE] warn: Warning test
2025-06-11T11:48:15.703Z [HEALTHSERVICE] error: Error test
2025-06-11T11:48:17.423Z [HEALTHSERVICE] error: Error rejimi
2025-06-11T11:48:17.433Z [HEALTHSERVICE] info: App started
2025-06-11T11:48:17.434Z [HEALTHSERVICE] warn: Warning test
2025-06-11T11:48:17.435Z [HEALTHSERVICE] error: Error test
2025-06-11T11:48:49.168Z [HEALTHSERVICE] error: Error rejimi
2025-06-11T11:48:49.176Z [HEALTHSERVICE] info: App started
2025-06-11T11:48:49.176Z [HEALTHSERVICE] warn: Warning test
2025-06-11T11:48:49.176Z [HEALTHSERVICE] error: Error test
2025-06-11T11:48:54.606Z [HEALTHSERVICE] error: Error rejimi
2025-06-11T11:48:54.616Z [HEALTHSERVICE] info: App started
2025-06-11T11:48:54.616Z [HEALTHSERVICE] warn: Warning test
2025-06-11T11:48:54.617Z [HEALTHSERVICE] error: Error test
2025-06-11T11:49:02.870Z [HEALTHSERVICE] error: Error rejimi
2025-06-11T11:49:02.876Z [HEALTHSERVICE] info: App started
2025-06-11T11:49:02.877Z [HEALTHSERVICE] warn: Warning test
2025-06-11T11:49:02.877Z [HEALTHSERVICE] error: Error test
2025-06-11T11:49:33.415Z [HEALTHSERVICE] error: Error rejimi
2025-06-11T11:49:33.420Z [HEALTHSERVICE] info: App started
2025-06-11T11:49:33.421Z [HEALTHSERVICE] warn: Warning test
2025-06-11T11:49:33.421Z [HEALTHSERVICE] error: Error test
2025-06-11T11:49:37.381Z [HEALTHSERVICE] error: Error rejimi
2025-06-11T11:49:37.387Z [HEALTHSERVICE] info: App started
2025-06-11T11:49:37.387Z [HEALTHSERVICE] warn: Warning test
2025-06-11T11:49:37.387Z [HEALTHSERVICE] error: Error test
2025-06-11T11:49:42.747Z [HEALTHSERVICE] error: Error rejimi
2025-06-11T11:49:42.753Z [HEALTHSERVICE] info: App started
2025-06-11T11:49:42.753Z [HEALTHSERVICE] warn: Warning test
2025-06-11T11:49:42.753Z [HEALTHSERVICE] error: Error test
2025-06-11T11:50:03.222Z [HEALTHSERVICE] error: Error rejimi
2025-06-11T11:50:03.228Z [HEALTHSERVICE] info: App started
2025-06-11T11:50:03.228Z [HEALTHSERVICE] warn: Warning test
2025-06-11T11:50:03.229Z [HEALTHSERVICE] error: Error test
2025-06-11T11:54:11.636Z [HEALTHSERVICE] error: Error rejimi
2025-06-11T11:54:11.643Z [HEALTHSERVICE] info: App started
2025-06-11T11:54:11.644Z [HEALTHSERVICE] warn: Warning test
2025-06-11T11:54:11.644Z [HEALTHSERVICE] error: Error test
2025-06-11T11:54:50.820Z [HEALTHSERVICE] error: Error rejimi
2025-06-11T11:54:50.827Z [HEALTHSERVICE] info: App started
2025-06-11T11:54:50.827Z [HEALTHSERVICE] warn: Warning test
2025-06-11T11:54:50.827Z [HEALTHSERVICE] error: Error test
2025-06-11T11:54:58.287Z [HEALTHSERVICE] error: Error rejimi
2025-06-11T11:54:58.293Z [HEALTHSERVICE] info: App started
2025-06-11T11:54:58.293Z [HEALTHSERVICE] warn: Warning test
2025-06-11T11:54:58.294Z [HEALTHSERVICE] error: Error test
2025-06-11T11:55:02.895Z [HEALTHSERVICE] error: Error rejimi
2025-06-11T11:55:02.913Z [HEALTHSERVICE] info: App started
2025-06-11T11:55:02.916Z [HEALTHSERVICE] warn: Warning test
2025-06-11T11:55:02.918Z [HEALTHSERVICE] error: Error test
2025-06-11T12:02:02.160Z [HEALTHSERVICE] error: Error rejimi
2025-06-11T12:02:02.166Z [HEALTHSERVICE] info: App started
2025-06-11T12:02:02.167Z [HEALTHSERVICE] warn: Warning test
2025-06-11T12:02:02.167Z [HEALTHSERVICE] error: Error test
2025-06-11T12:05:03.470Z [HEALTHSERVICE] error: Error rejimi
2025-06-11T12:05:03.481Z [HEALTHSERVICE] info: App started
2025-06-11T12:05:03.481Z [HEALTHSERVICE] warn: Warning test
2025-06-11T12:05:03.482Z [HEALTHSERVICE] error: Error test
2025-06-11T12:05:20.687Z [HEALTHSERVICE] error: Error rejimi
2025-06-11T12:05:20.695Z [HEALTHSERVICE] info: App started
2025-06-11T12:05:20.696Z [HEALTHSERVICE] warn: Warning test
2025-06-11T12:05:20.696Z [HEALTHSERVICE] error: Error test
2025-06-11T12:05:45.557Z [HEALTHSERVICE] error: Error rejimi
2025-06-11T12:05:45.564Z [HEALTHSERVICE] info: App started
2025-06-11T12:05:45.565Z [HEALTHSERVICE] warn: Warning test
2025-06-11T12:05:45.565Z [HEALTHSERVICE] error: Error test
2025-06-11T12:05:46.995Z [HEALTHSERVICE] error: Error rejimi
2025-06-11T12:05:47.003Z [HEALTHSERVICE] info: App started
2025-06-11T12:05:47.003Z [HEALTHSERVICE] warn: Warning test
2025-06-11T12:05:47.003Z [HEALTHSERVICE] error: Error test
2025-06-11T12:05:49.415Z [HEALTHSERVICE] error: Error rejimi
2025-06-11T12:05:49.421Z [HEALTHSERVICE] info: App started
2025-06-11T12:05:49.422Z [HEALTHSERVICE] warn: Warning test
2025-06-11T12:05:49.422Z [HEALTHSERVICE] error: Error test
2025-06-11T12:05:52.471Z [HEALTHSERVICE] error: Error rejimi
2025-06-11T12:05:52.479Z [HEALTHSERVICE] info: App started
2025-06-11T12:05:52.480Z [HEALTHSERVICE] warn: Warning test
2025-06-11T12:05:52.480Z [HEALTHSERVICE] error: Error test
2025-06-11T12:06:31.888Z [HEALTHSERVICE] error: Error rejimi
2025-06-11T12:06:31.894Z [HEALTHSERVICE] info: App started
2025-06-11T12:06:31.894Z [HEALTHSERVICE] warn: Warning test
2025-06-11T12:06:31.894Z [HEALTHSERVICE] error: Error test
2025-06-11T12:08:06.752Z [HEALTHSERVICE] error: Error rejimi
2025-06-11T12:08:06.761Z [HEALTHSERVICE] info: App started
2025-06-11T12:08:06.761Z [HEALTHSERVICE] warn: Warning test
2025-06-11T12:08:06.762Z [HEALTHSERVICE] error: Error test
2025-06-11T12:12:03.581Z [HEALTHSERVICE] error: Error rejimi
2025-06-11T12:12:03.588Z [HEALTHSERVICE] info: App started
2025-06-11T12:12:03.589Z [HEALTHSERVICE] warn: Warning test
2025-06-11T12:12:03.589Z [HEALTHSERVICE] error: Error test
2025-06-11T12:12:07.826Z [HEALTHSERVICE] error: Error rejimi
2025-06-11T12:12:07.832Z [HEALTHSERVICE] info: App started
2025-06-11T12:12:07.832Z [HEALTHSERVICE] warn: Warning test
2025-06-11T12:12:07.832Z [HEALTHSERVICE] error: Error test
2025-06-11T12:21:08.294Z [HEALTHSERVICE] error: Error rejimi
2025-06-11T12:21:08.301Z [HEALTHSERVICE] info: App started
2025-06-11T12:21:08.301Z [HEALTHSERVICE] warn: Warning test
2025-06-11T12:21:08.301Z [HEALTHSERVICE] error: Error test
2025-06-11T12:21:55.814Z [HEALTHSERVICE] error: Error rejimi
2025-06-11T12:21:55.820Z [HEALTHSERVICE] info: App started
2025-06-11T12:21:55.820Z [HEALTHSERVICE] warn: Warning test
2025-06-11T12:21:55.821Z [HEALTHSERVICE] error: Error test
2025-06-11T12:22:02.077Z [HEALTHSERVICE] error: Error rejimi
2025-06-11T12:22:02.083Z [HEALTHSERVICE] info: App started
2025-06-11T12:22:02.083Z [HEALTHSERVICE] warn: Warning test
2025-06-11T12:22:02.083Z [HEALTHSERVICE] error: Error test
2025-06-11T12:24:34.029Z [HEALTHSERVICE] error: Error rejimi
2025-06-11T12:24:34.035Z [HEALTHSERVICE] info: App started
2025-06-11T12:24:34.035Z [HEALTHSERVICE] warn: Warning test
2025-06-11T12:24:34.036Z [HEALTHSERVICE] error: Error test
2025-06-11T12:28:56.240Z [HEALTHSERVICE] error: Error rejimi
2025-06-11T12:28:56.245Z [HEALTHSERVICE] info: App started
2025-06-11T12:28:56.246Z [HEALTHSERVICE] warn: Warning test
2025-06-11T12:28:56.246Z [HEALTHSERVICE] error: Error test
2025-06-11T12:32:17.692Z [HEALTHSERVICE] error: Error rejimi
2025-06-11T12:32:17.698Z [HEALTHSERVICE] info: App started
2025-06-11T12:32:17.698Z [HEALTHSERVICE] warn: Warning test
2025-06-11T12:32:17.699Z [HEALTHSERVICE] error: Error test
2025-06-11T12:34:45.327Z [HEALTHSERVICE] error: Error rejimi
2025-06-11T12:34:45.334Z [HEALTHSERVICE] info: App started
2025-06-11T12:34:45.334Z [HEALTHSERVICE] warn: Warning test
2025-06-11T12:34:45.335Z [HEALTHSERVICE] error: Error test
2025-06-11T12:38:39.199Z [HEALTHSERVICE] error: Error rejimi
2025-06-11T12:38:39.205Z [HEALTHSERVICE] info: App started
2025-06-11T12:38:39.205Z [HEALTHSERVICE] warn: Warning test
2025-06-11T12:38:39.206Z [HEALTHSERVICE] error: Error test
2025-06-11T12:38:49.004Z [HEALTHSERVICE] error: Error rejimi
2025-06-11T12:38:49.010Z [HEALTHSERVICE] info: App started
2025-06-11T12:38:49.010Z [HEALTHSERVICE] warn: Warning test
2025-06-11T12:38:49.010Z [HEALTHSERVICE] error: Error test
2025-06-11T12:39:26.925Z [HEALTHSERVICE] error: Error rejimi
2025-06-11T12:39:26.930Z [HEALTHSERVICE] info: App started
2025-06-11T12:39:26.931Z [HEALTHSERVICE] warn: Warning test
2025-06-11T12:39:26.931Z [HEALTHSERVICE] error: Error test
2025-06-11T12:39:47.436Z [HEALTHSERVICE] error: Error rejimi
2025-06-11T12:39:47.444Z [HEALTHSERVICE] info: App started
2025-06-11T12:39:47.444Z [HEALTHSERVICE] warn: Warning test
2025-06-11T12:39:47.445Z [HEALTHSERVICE] error: Error test
2025-06-11T12:40:30.973Z [HEALTHSERVICE] error: Error rejimi
2025-06-11T12:40:30.979Z [HEALTHSERVICE] info: App started
2025-06-11T12:40:30.979Z [HEALTHSERVICE] warn: Warning test
2025-06-11T12:40:30.980Z [HEALTHSERVICE] error: Error test
2025-06-11T12:41:57.075Z [HEALTHSERVICE] error: Error rejimi
2025-06-11T12:41:57.082Z [HEALTHSERVICE] info: App started
2025-06-11T12:41:57.082Z [HEALTHSERVICE] warn: Warning test
2025-06-11T12:41:57.082Z [HEALTHSERVICE] error: Error test
2025-06-11T12:42:04.929Z [HEALTHSERVICE] error: Error rejimi
2025-06-11T12:42:04.935Z [HEALTHSERVICE] info: App started
2025-06-11T12:42:04.935Z [HEALTHSERVICE] warn: Warning test
2025-06-11T12:42:04.936Z [HEALTHSERVICE] error: Error test
2025-06-11T12:42:06.922Z [HEALTHSERVICE] error: Error rejimi
2025-06-11T12:42:06.928Z [HEALTHSERVICE] info: App started
2025-06-11T12:42:06.928Z [HEALTHSERVICE] warn: Warning test
2025-06-11T12:42:06.928Z [HEALTHSERVICE] error: Error test
2025-06-11T12:42:09.261Z [HEALTHSERVICE] error: Error rejimi
2025-06-11T12:42:09.267Z [HEALTHSERVICE] info: App started
2025-06-11T12:42:09.268Z [HEALTHSERVICE] warn: Warning test
2025-06-11T12:42:09.268Z [HEALTHSERVICE] error: Error test
2025-06-11T12:47:30.275Z [HEALTHSERVICE] error: Error rejimi
2025-06-11T12:47:30.281Z [HEALTHSERVICE] info: App started
2025-06-11T12:47:30.282Z [HEALTHSERVICE] warn: Warning test
2025-06-11T12:47:30.282Z [HEALTHSERVICE] error: Error test
2025-06-11T12:48:43.180Z [HEALTHSERVICE] error: Error rejimi
2025-06-11T12:48:43.204Z [HEALTHSERVICE] info: App started
2025-06-11T12:48:43.217Z [HEALTHSERVICE] warn: Warning test
2025-06-11T12:48:43.232Z [HEALTHSERVICE] error: Error test
2025-06-11T12:48:46.475Z [HEALTHSERVICE] error: Error rejimi
2025-06-11T12:48:46.498Z [HEALTHSERVICE] info: App started
2025-06-11T12:48:46.502Z [HEALTHSERVICE] warn: Warning test
2025-06-11T12:48:46.503Z [HEALTHSERVICE] error: Error test
2025-06-11T12:50:04.374Z [HEALTHSERVICE] error: Error rejimi
2025-06-11T12:50:04.380Z [HEALTHSERVICE] info: App started
2025-06-11T12:50:04.380Z [HEALTHSERVICE] warn: Warning test
2025-06-11T12:50:04.381Z [HEALTHSERVICE] error: Error test
2025-06-11T12:58:57.925Z [HEALTHSERVICE] error: Error rejimi
2025-06-11T12:58:57.933Z [HEALTHSERVICE] info: App started
2025-06-11T12:58:57.934Z [HEALTHSERVICE] warn: Warning test
2025-06-11T12:58:57.934Z [HEALTHSERVICE] error: Error test
2025-06-11T13:00:40.937Z [HEALTHSERVICE] error: Error rejimi
2025-06-11T13:00:40.945Z [HEALTHSERVICE] info: App started
2025-06-11T13:00:40.946Z [HEALTHSERVICE] warn: Warning test
2025-06-11T13:00:40.947Z [HEALTHSERVICE] error: Error test
2025-06-11T13:06:42.104Z [HEALTHSERVICE] error: Error rejimi
2025-06-11T13:06:42.125Z [HEALTHSERVICE] info: App started
2025-06-11T13:06:42.125Z [HEALTHSERVICE] warn: Warning test
2025-06-11T13:06:42.125Z [HEALTHSERVICE] error: Error test
2025-06-11T13:07:48.012Z [HEALTHSERVICE] error: Error rejimi
2025-06-11T13:07:48.019Z [HEALTHSERVICE] info: App started
2025-06-11T13:07:48.019Z [HEALTHSERVICE] warn: Warning test
2025-06-11T13:07:48.019Z [HEALTHSERVICE] error: Error test
2025-06-11T13:07:56.525Z [HEALTHSERVICE] error: Error rejimi
2025-06-11T13:07:56.533Z [HEALTHSERVICE] info: App started
2025-06-11T13:07:56.533Z [HEALTHSERVICE] warn: Warning test
2025-06-11T13:07:56.534Z [HEALTHSERVICE] error: Error test
2025-06-11T13:08:59.410Z [HEALTHSERVICE] error: Error rejimi
2025-06-11T13:08:59.426Z [HEALTHSERVICE] info: App started
2025-06-11T13:08:59.426Z [HEALTHSERVICE] warn: Warning test
2025-06-11T13:08:59.427Z [HEALTHSERVICE] error: Error test
2025-06-11T13:10:33.422Z [HEALTHSERVICE] error: Error rejimi
2025-06-11T13:10:33.429Z [HEALTHSERVICE] info: App started
2025-06-11T13:10:33.430Z [HEALTHSERVICE] warn: Warning test
2025-06-11T13:10:33.430Z [HEALTHSERVICE] error: Error test
2025-06-11T13:11:38.198Z [HEALTHSERVICE] error: Error rejimi
2025-06-11T13:11:38.204Z [HEALTHSERVICE] info: App started
2025-06-11T13:11:38.204Z [HEALTHSERVICE] warn: Warning test
2025-06-11T13:11:38.204Z [HEALTHSERVICE] error: Error test
2025-06-11T13:11:45.537Z [HEALTHSERVICE] error: Error rejimi
2025-06-11T13:11:45.543Z [HEALTHSERVICE] info: App started
2025-06-11T13:11:45.544Z [HEALTHSERVICE] warn: Warning test
2025-06-11T13:11:45.544Z [HEALTHSERVICE] error: Error test
2025-06-11T13:11:50.579Z [HEALTHSERVICE] error: Error rejimi
2025-06-11T13:11:50.585Z [HEALTHSERVICE] info: App started
2025-06-11T13:11:50.586Z [HEALTHSERVICE] warn: Warning test
2025-06-11T13:11:50.586Z [HEALTHSERVICE] error: Error test
2025-06-11T13:12:50.857Z [HEALTHSERVICE] error: Error rejimi
2025-06-11T13:12:50.863Z [HEALTHSERVICE] info: App started
2025-06-11T13:12:50.863Z [HEALTHSERVICE] warn: Warning test
2025-06-11T13:12:50.864Z [HEALTHSERVICE] error: Error test
2025-06-11T13:17:13.639Z [HEALTHSERVICE] error: Error rejimi
2025-06-11T13:17:13.644Z [HEALTHSERVICE] info: App started
2025-06-11T13:17:13.644Z [HEALTHSERVICE] warn: Warning test
2025-06-11T13:17:13.645Z [HEALTHSERVICE] error: Error test
2025-06-11T13:18:20.272Z [HEALTHSERVICE] error: Error rejimi
2025-06-11T13:18:20.279Z [HEALTHSERVICE] info: App started
2025-06-11T13:18:20.280Z [HEALTHSERVICE] warn: Warning test
2025-06-11T13:18:20.280Z [HEALTHSERVICE] error: Error test
2025-06-11T13:18:25.825Z [HEALTHSERVICE] error: Error rejimi
2025-06-11T13:18:25.831Z [HEALTHSERVICE] info: App started
2025-06-11T13:18:25.831Z [HEALTHSERVICE] warn: Warning test
2025-06-11T13:18:25.831Z [HEALTHSERVICE] error: Error test
2025-06-11T13:20:01.252Z [HEALTHSERVICE] error: Error rejimi
2025-06-11T13:20:01.258Z [HEALTHSERVICE] info: App started
2025-06-11T13:20:01.258Z [HEALTHSERVICE] warn: Warning test
2025-06-11T13:20:01.258Z [HEALTHSERVICE] error: Error test
2025-06-11T13:23:18.917Z [HEALTHSERVICE] error: Error rejimi
2025-06-11T13:23:18.923Z [HEALTHSERVICE] info: App started
2025-06-11T13:23:18.923Z [HEALTHSERVICE] warn: Warning test
2025-06-11T13:23:18.923Z [HEALTHSERVICE] error: Error test
2025-06-11T13:23:34.824Z [HEALTHSERVICE] error: Error rejimi
2025-06-11T13:23:34.830Z [HEALTHSERVICE] info: App started
2025-06-11T13:23:34.830Z [HEALTHSERVICE] warn: Warning test
2025-06-11T13:23:34.831Z [HEALTHSERVICE] error: Error test
2025-06-11T13:23:52.677Z [HEALTHSERVICE] error: Error rejimi
2025-06-11T13:23:52.683Z [HEALTHSERVICE] info: App started
2025-06-11T13:23:52.684Z [HEALTHSERVICE] warn: Warning test
2025-06-11T13:23:52.684Z [HEALTHSERVICE] error: Error test
2025-06-11T13:27:37.935Z [HEALTHSERVICE] error: Error rejimi
2025-06-11T13:27:37.942Z [HEALTHSERVICE] info: App started
2025-06-11T13:27:37.942Z [HEALTHSERVICE] warn: Warning test
2025-06-11T13:27:37.943Z [HEALTHSERVICE] error: Error test
2025-06-11T13:27:44.231Z [HEALTHSERVICE] error: Error rejimi
2025-06-11T13:27:44.238Z [HEALTHSERVICE] info: App started
2025-06-11T13:27:44.238Z [HEALTHSERVICE] warn: Warning test
2025-06-11T13:27:44.239Z [HEALTHSERVICE] error: Error test
2025-06-11T13:27:50.277Z [HEALTHSERVICE] error: Error rejimi
2025-06-11T13:27:50.283Z [HEALTHSERVICE] info: App started
2025-06-11T13:27:50.284Z [HEALTHSERVICE] warn: Warning test
2025-06-11T13:27:50.284Z [HEALTHSERVICE] error: Error test
2025-06-11T13:27:53.882Z [HEALTHSERVICE] error: Error rejimi
2025-06-11T13:27:53.890Z [HEALTHSERVICE] info: App started
2025-06-11T13:27:53.890Z [HEALTHSERVICE] warn: Warning test
2025-06-11T13:27:53.890Z [HEALTHSERVICE] error: Error test
2025-06-11T13:27:56.274Z [HEALTHSERVICE] error: Error rejimi
2025-06-11T13:27:56.280Z [HEALTHSERVICE] info: App started
2025-06-11T13:27:56.280Z [HEALTHSERVICE] warn: Warning test
2025-06-11T13:27:56.281Z [HEALTHSERVICE] error: Error test
2025-06-11T13:28:03.263Z [HEALTHSERVICE] error: Error rejimi
2025-06-11T13:28:03.269Z [HEALTHSERVICE] info: App started
2025-06-11T13:28:03.270Z [HEALTHSERVICE] warn: Warning test
2025-06-11T13:28:03.270Z [HEALTHSERVICE] error: Error test
2025-06-11T13:28:08.281Z [HEALTHSERVICE] error: Error rejimi
2025-06-11T13:28:08.287Z [HEALTHSERVICE] info: App started
2025-06-11T13:28:08.291Z [HEALTHSERVICE] warn: Warning test
2025-06-11T13:28:08.291Z [HEALTHSERVICE] error: Error test
2025-06-11T13:28:52.454Z [HEALTHSERVICE] error: Error rejimi
2025-06-11T13:28:52.462Z [HEALTHSERVICE] info: App started
2025-06-11T13:28:52.463Z [HEALTHSERVICE] warn: Warning test
2025-06-11T13:28:52.464Z [HEALTHSERVICE] error: Error test
2025-06-11T13:29:25.183Z [HEALTHSERVICE] error: Error rejimi
2025-06-11T13:29:25.192Z [HEALTHSERVICE] info: App started
2025-06-11T13:29:25.192Z [HEALTHSERVICE] warn: Warning test
2025-06-11T13:29:25.192Z [HEALTHSERVICE] error: Error test
2025-06-11T13:29:34.486Z [HEALTHSERVICE] error: Error rejimi
2025-06-11T13:29:34.492Z [HEALTHSERVICE] info: App started
2025-06-11T13:29:34.493Z [HEALTHSERVICE] warn: Warning test
2025-06-11T13:29:34.493Z [HEALTHSERVICE] error: Error test
2025-06-11T13:29:38.031Z [HEALTHSERVICE] error: Error rejimi
2025-06-11T13:29:38.037Z [HEALTHSERVICE] info: App started
2025-06-11T13:29:38.037Z [HEALTHSERVICE] warn: Warning test
2025-06-11T13:29:38.038Z [HEALTHSERVICE] error: Error test
2025-06-11T13:29:41.248Z [HEALTHSERVICE] error: Error rejimi
2025-06-11T13:29:41.254Z [HEALTHSERVICE] info: App started
2025-06-11T13:29:41.255Z [HEALTHSERVICE] warn: Warning test
2025-06-11T13:29:41.255Z [HEALTHSERVICE] error: Error test
2025-06-11T13:29:44.986Z [HEALTHSERVICE] error: Error rejimi
2025-06-11T13:29:44.992Z [HEALTHSERVICE] info: App started
2025-06-11T13:29:44.992Z [HEALTHSERVICE] warn: Warning test
2025-06-11T13:29:44.992Z [HEALTHSERVICE] error: Error test
2025-06-11T13:31:03.768Z [HEALTHSERVICE] error: Error rejimi
2025-06-11T13:31:03.784Z [HEALTHSERVICE] info: App started
2025-06-11T13:31:03.786Z [HEALTHSERVICE] warn: Warning test
2025-06-11T13:31:03.786Z [HEALTHSERVICE] error: Error test
2025-06-11T15:05:46.581Z [HEALTHSERVICE] error: Error rejimi
2025-06-11T15:05:46.587Z [HEALTHSERVICE] info: App started
2025-06-11T15:05:46.587Z [HEALTHSERVICE] warn: Warning test
2025-06-11T15:05:46.588Z [HEALTHSERVICE] error: Error test
2025-06-11T15:05:47.981Z [HEALTHSERVICE] error: Error rejimi
2025-06-11T15:05:47.988Z [HEALTHSERVICE] info: App started
2025-06-11T15:05:47.989Z [HEALTHSERVICE] warn: Warning test
2025-06-11T15:05:47.989Z [HEALTHSERVICE] error: Error test
2025-06-11T15:06:33.190Z [HEALTHSERVICE] error: Error rejimi
2025-06-11T15:06:33.197Z [HEALTHSERVICE] info: App started
2025-06-11T15:06:33.197Z [HEALTHSERVICE] warn: Warning test
2025-06-11T15:06:33.197Z [HEALTHSERVICE] error: Error test
2025-06-11T15:20:02.898Z [HEALTHSERVICE] error: Error rejimi
2025-06-11T15:20:02.925Z [HEALTHSERVICE] info: App started
2025-06-11T15:20:02.926Z [HEALTHSERVICE] warn: Warning test
2025-06-11T15:20:02.926Z [HEALTHSERVICE] error: Error test
2025-06-11T15:20:05.144Z [HEALTHSERVICE] error: Error rejimi
2025-06-11T15:20:05.149Z [HEALTHSERVICE] info: App started
2025-06-11T15:20:05.150Z [HEALTHSERVICE] warn: Warning test
2025-06-11T15:20:05.150Z [HEALTHSERVICE] error: Error test
2025-06-11T15:25:25.811Z [HEALTHSERVICE] error: Error rejimi
2025-06-11T15:25:25.837Z [HEALTHSERVICE] info: App started
2025-06-11T15:25:25.837Z [HEALTHSERVICE] warn: Warning test
2025-06-11T15:25:25.838Z [HEALTHSERVICE] error: Error test
2025-06-11T15:25:36.890Z [HEALTHSERVICE] error: Error rejimi
2025-06-11T15:25:36.896Z [HEALTHSERVICE] info: App started
2025-06-11T15:25:36.897Z [HEALTHSERVICE] warn: Warning test
2025-06-11T15:25:36.897Z [HEALTHSERVICE] error: Error test
2025-06-11T15:27:18.470Z [HEALTHSERVICE] error: Error rejimi
2025-06-11T15:27:18.475Z [HEALTHSERVICE] info: App started
2025-06-11T15:27:18.476Z [HEALTHSERVICE] warn: Warning test
2025-06-11T15:27:18.476Z [HEALTHSERVICE] error: Error test
2025-06-11T15:29:05.701Z [HEALTHSERVICE] error: Error rejimi
2025-06-11T15:29:05.712Z [HEALTHSERVICE] info: App started
2025-06-11T15:29:05.713Z [HEALTHSERVICE] warn: Warning test
2025-06-11T15:29:05.714Z [HEALTHSERVICE] error: Error test
2025-06-11T15:30:39.825Z [HEALTHSERVICE] error: Error rejimi
2025-06-11T15:30:39.831Z [HEALTHSERVICE] info: App started
2025-06-11T15:30:39.832Z [HEALTHSERVICE] warn: Warning test
2025-06-11T15:30:39.832Z [HEALTHSERVICE] error: Error test
2025-06-11T15:31:32.012Z [HEALTHSERVICE] error: Error rejimi
2025-06-11T15:31:32.018Z [HEALTHSERVICE] info: App started
2025-06-11T15:31:32.018Z [HEALTHSERVICE] warn: Warning test
2025-06-11T15:31:32.018Z [HEALTHSERVICE] error: Error test
2025-06-11T15:32:30.820Z [HEALTHSERVICE] error: Error rejimi
2025-06-11T15:32:30.828Z [HEALTHSERVICE] info: App started
2025-06-11T15:32:30.829Z [HEALTHSERVICE] warn: Warning test
2025-06-11T15:32:30.829Z [HEALTHSERVICE] error: Error test
2025-06-11T15:32:34.436Z [HEALTHSERVICE] error: Error rejimi
2025-06-11T15:32:34.444Z [HEALTHSERVICE] info: App started
2025-06-11T15:32:34.445Z [HEALTHSERVICE] warn: Warning test
2025-06-11T15:32:34.445Z [HEALTHSERVICE] error: Error test
2025-06-11T15:34:24.939Z [HEALTHSERVICE] error: Error rejimi
2025-06-11T15:34:24.960Z [HEALTHSERVICE] info: App started
2025-06-11T15:34:24.971Z [HEALTHSERVICE] warn: Warning test
2025-06-11T15:34:24.973Z [HEALTHSERVICE] error: Error test
2025-06-11T15:35:11.490Z [HEALTHSERVICE] error: Error rejimi
2025-06-11T15:35:11.500Z [HEALTHSERVICE] info: App started
2025-06-11T15:35:11.501Z [HEALTHSERVICE] warn: Warning test
2025-06-11T15:35:11.501Z [HEALTHSERVICE] error: Error test
2025-06-11T15:36:56.410Z [HEALTHSERVICE] error: Error rejimi
2025-06-11T15:36:56.416Z [HEALTHSERVICE] info: App started
2025-06-11T15:36:56.416Z [HEALTHSERVICE] warn: Warning test
2025-06-11T15:36:56.416Z [HEALTHSERVICE] error: Error test
2025-06-11T15:37:05.689Z [HEALTHSERVICE] error: Error rejimi
2025-06-11T15:37:05.697Z [HEALTHSERVICE] info: App started
2025-06-11T15:37:05.697Z [HEALTHSERVICE] warn: Warning test
2025-06-11T15:37:05.698Z [HEALTHSERVICE] error: Error test
2025-06-11T15:37:19.500Z [HEALTHSERVICE] error: Error rejimi
2025-06-11T15:37:19.512Z [HEALTHSERVICE] info: App started
2025-06-11T15:37:19.512Z [HEALTHSERVICE] warn: Warning test
2025-06-11T15:37:19.513Z [HEALTHSERVICE] error: Error test
2025-06-11T15:39:11.363Z [HEALTHSERVICE] error: Error rejimi
2025-06-11T15:39:11.376Z [HEALTHSERVICE] info: App started
2025-06-11T15:39:11.378Z [HEALTHSERVICE] warn: Warning test
2025-06-11T15:39:11.378Z [HEALTHSERVICE] error: Error test
2025-06-11T16:01:17.328Z [HEALTHSERVICE] error: Error rejimi
2025-06-11T16:01:17.334Z [HEALTHSERVICE] info: App started
2025-06-11T16:01:17.334Z [HEALTHSERVICE] warn: Warning test
2025-06-11T16:01:17.334Z [HEALTHSERVICE] error: Error test
2025-06-11T16:01:20.865Z [HEALTHSERVICE] error: Error rejimi
2025-06-11T16:01:20.871Z [HEALTHSERVICE] info: App started
2025-06-11T16:01:20.871Z [HEALTHSERVICE] warn: Warning test
2025-06-11T16:01:20.871Z [HEALTHSERVICE] error: Error test
2025-06-11T16:01:29.656Z [HEALTHSERVICE] error: Error rejimi
2025-06-11T16:01:29.662Z [HEALTHSERVICE] info: App started
2025-06-11T16:01:29.663Z [HEALTHSERVICE] warn: Warning test
2025-06-11T16:01:29.663Z [HEALTHSERVICE] error: Error test
2025-06-11T16:02:17.297Z [HEALTHSERVICE] error: Error rejimi
2025-06-11T16:02:17.303Z [HEALTHSERVICE] info: App started
2025-06-11T16:02:17.304Z [HEALTHSERVICE] warn: Warning test
2025-06-11T16:02:17.304Z [HEALTHSERVICE] error: Error test
2025-06-11T16:04:46.376Z [HEALTHSERVICE] error: Error rejimi
2025-06-11T16:04:46.382Z [HEALTHSERVICE] info: App started
2025-06-11T16:04:46.382Z [HEALTHSERVICE] warn: Warning test
2025-06-11T16:04:46.382Z [HEALTHSERVICE] error: Error test
2025-06-11T16:04:48.763Z [HEALTHSERVICE] error: Error rejimi
2025-06-11T16:04:48.770Z [HEALTHSERVICE] info: App started
2025-06-11T16:04:48.770Z [HEALTHSERVICE] warn: Warning test
2025-06-11T16:04:48.770Z [HEALTHSERVICE] error: Error test
2025-06-11T16:04:51.578Z [HEALTHSERVICE] error: Error rejimi
2025-06-11T16:04:51.583Z [HEALTHSERVICE] info: App started
2025-06-11T16:04:51.584Z [HEALTHSERVICE] warn: Warning test
2025-06-11T16:04:51.584Z [HEALTHSERVICE] error: Error test
2025-06-11T16:04:53.920Z [HEALTHSERVICE] error: Error rejimi
2025-06-11T16:04:53.926Z [HEALTHSERVICE] info: App started
2025-06-11T16:04:53.926Z [HEALTHSERVICE] warn: Warning test
2025-06-11T16:04:53.927Z [HEALTHSERVICE] error: Error test
2025-06-11T16:14:01.433Z [HEALTHSERVICE] error: Error rejimi
2025-06-11T16:14:01.440Z [HEALTHSERVICE] info: App started
2025-06-11T16:14:01.441Z [HEALTHSERVICE] warn: Warning test
2025-06-11T16:14:01.441Z [HEALTHSERVICE] error: Error test
2025-06-11T16:14:02.835Z [HEALTHSERVICE] error: Error rejimi
2025-06-11T16:14:02.841Z [HEALTHSERVICE] info: App started
2025-06-11T16:14:02.842Z [HEALTHSERVICE] warn: Warning test
2025-06-11T16:14:02.842Z [HEALTHSERVICE] error: Error test
2025-06-11T16:14:08.616Z [HEALTHSERVICE] error: Error rejimi
2025-06-11T16:14:08.622Z [HEALTHSERVICE] info: App started
2025-06-11T16:14:08.623Z [HEALTHSERVICE] warn: Warning test
2025-06-11T16:14:08.623Z [HEALTHSERVICE] error: Error test
2025-06-11T16:14:20.913Z [HEALTHSERVICE] error: Error rejimi
2025-06-11T16:14:20.919Z [HEALTHSERVICE] info: App started
2025-06-11T16:14:20.919Z [HEALTHSERVICE] warn: Warning test
2025-06-11T16:14:20.920Z [HEALTHSERVICE] error: Error test
2025-06-11T16:16:15.704Z [HEALTHSERVICE] error: Error rejimi
2025-06-11T16:16:15.710Z [HEALTHSERVICE] info: App started
2025-06-11T16:16:15.710Z [HEALTHSERVICE] warn: Warning test
2025-06-11T16:16:15.710Z [HEALTHSERVICE] error: Error test
2025-06-11T16:16:29.128Z [HEALTHSERVICE] error: Error rejimi
2025-06-11T16:16:29.136Z [HEALTHSERVICE] info: App started
2025-06-11T16:16:29.136Z [HEALTHSERVICE] warn: Warning test
2025-06-11T16:16:29.136Z [HEALTHSERVICE] error: Error test
2025-06-11T16:16:36.519Z [HEALTHSERVICE] error: Error rejimi
2025-06-11T16:16:36.535Z [HEALTHSERVICE] info: App started
2025-06-11T16:16:36.536Z [HEALTHSERVICE] warn: Warning test
2025-06-11T16:16:36.537Z [HEALTHSERVICE] error: Error test
2025-06-11T16:16:53.847Z [HEALTHSERVICE] error: Error rejimi
2025-06-11T16:16:53.862Z [HEALTHSERVICE] info: App started
2025-06-11T16:16:53.863Z [HEALTHSERVICE] warn: Warning test
2025-06-11T16:16:53.864Z [HEALTHSERVICE] error: Error test
2025-06-11T16:21:12.269Z [HEALTHSERVICE] error: Error rejimi
2025-06-11T16:21:12.276Z [HEALTHSERVICE] info: App started
2025-06-11T16:21:12.276Z [HEALTHSERVICE] warn: Warning test
2025-06-11T16:21:12.276Z [HEALTHSERVICE] error: Error test
2025-06-11T16:21:59.753Z [HEALTHSERVICE] error: Error rejimi
2025-06-11T16:21:59.758Z [HEALTHSERVICE] info: App started
2025-06-11T16:21:59.759Z [HEALTHSERVICE] warn: Warning test
2025-06-11T16:21:59.759Z [HEALTHSERVICE] error: Error test
2025-06-11T16:23:05.007Z [HEALTHSERVICE] error: Error rejimi
2025-06-11T16:23:05.013Z [HEALTHSERVICE] info: App started
2025-06-11T16:23:05.013Z [HEALTHSERVICE] warn: Warning test
2025-06-11T16:23:05.013Z [HEALTHSERVICE] error: Error test
2025-06-11T16:36:24.340Z [HEALTHSERVICE] error: Error rejimi
2025-06-11T16:36:24.346Z [HEALTHSERVICE] info: App started
2025-06-11T16:36:24.346Z [HEALTHSERVICE] warn: Warning test
2025-06-11T16:36:24.346Z [HEALTHSERVICE] error: Error test
2025-06-11T16:36:31.463Z [HEALTHSERVICE] error: Error rejimi
2025-06-11T16:36:31.469Z [HEALTHSERVICE] info: App started
2025-06-11T16:36:31.469Z [HEALTHSERVICE] warn: Warning test
2025-06-11T16:36:31.469Z [HEALTHSERVICE] error: Error test
2025-06-11T16:36:55.254Z [HEALTHSERVICE] error: Error rejimi
2025-06-11T16:36:55.259Z [HEALTHSERVICE] info: App started
2025-06-11T16:36:55.260Z [HEALTHSERVICE] warn: Warning test
2025-06-11T16:36:55.260Z [HEALTHSERVICE] error: Error test
2025-06-11T16:38:52.281Z [HEALTHSERVICE] error: Error rejimi
2025-06-11T16:38:52.287Z [HEALTHSERVICE] info: App started
2025-06-11T16:38:52.287Z [HEALTHSERVICE] warn: Warning test
2025-06-11T16:38:52.288Z [HEALTHSERVICE] error: Error test
2025-06-12T04:56:42.221Z [HEALTHSERVICE] error: Error rejimi
2025-06-12T04:56:42.237Z [HEALTHSERVICE] info: App started
2025-06-12T04:56:42.238Z [HEALTHSERVICE] warn: Warning test
2025-06-12T04:56:42.238Z [HEALTHSERVICE] error: Error test
2025-06-12T04:56:44.832Z [HEALTHSERVICE] error: Error rejimi
2025-06-12T04:56:44.845Z [HEALTHSERVICE] info: App started
2025-06-12T04:56:44.846Z [HEALTHSERVICE] warn: Warning test
2025-06-12T04:56:44.851Z [HEALTHSERVICE] error: Error test
2025-06-12T04:57:18.684Z [HEALTHSERVICE] error: Error rejimi
2025-06-12T04:57:18.692Z [HEALTHSERVICE] info: App started
2025-06-12T04:57:18.692Z [HEALTHSERVICE] warn: Warning test
2025-06-12T04:57:18.693Z [HEALTHSERVICE] error: Error test
2025-06-12T05:00:29.506Z [HEALTHSERVICE] error: Error rejimi
2025-06-12T05:00:29.513Z [HEALTHSERVICE] info: App started
2025-06-12T05:00:29.513Z [HEALTHSERVICE] warn: Warning test
2025-06-12T05:00:29.514Z [HEALTHSERVICE] error: Error test
2025-06-12T05:00:33.288Z [HEALTHSERVICE] error: Error rejimi
2025-06-12T05:00:33.293Z [HEALTHSERVICE] info: App started
2025-06-12T05:00:33.294Z [HEALTHSERVICE] warn: Warning test
2025-06-12T05:00:33.294Z [HEALTHSERVICE] error: Error test
2025-06-12T05:00:48.067Z [HEALTHSERVICE] error: Error rejimi
2025-06-12T05:00:48.078Z [HEALTHSERVICE] info: App started
2025-06-12T05:00:48.079Z [HEALTHSERVICE] warn: Warning test
2025-06-12T05:00:48.080Z [HEALTHSERVICE] error: Error test
2025-06-12T05:00:51.874Z [HEALTHSERVICE] error: Error rejimi
2025-06-12T05:00:51.889Z [HEALTHSERVICE] info: App started
2025-06-12T05:00:51.890Z [HEALTHSERVICE] warn: Warning test
2025-06-12T05:00:51.890Z [HEALTHSERVICE] error: Error test
2025-06-12T05:01:42.258Z [HEALTHSERVICE] error: Error rejimi
2025-06-12T05:01:42.266Z [HEALTHSERVICE] info: App started
2025-06-12T05:01:42.266Z [HEALTHSERVICE] warn: Warning test
2025-06-12T05:01:42.266Z [HEALTHSERVICE] error: Error test
2025-06-12T05:03:35.469Z [HEALTHSERVICE] error: Error rejimi
2025-06-12T05:03:35.475Z [HEALTHSERVICE] info: App started
2025-06-12T05:03:35.475Z [HEALTHSERVICE] warn: Warning test
2025-06-12T05:03:35.475Z [HEALTHSERVICE] error: Error test
2025-06-12T05:03:51.965Z [HEALTHSERVICE] error: Error rejimi
2025-06-12T05:03:51.971Z [HEALTHSERVICE] info: App started
2025-06-12T05:03:51.971Z [HEALTHSERVICE] warn: Warning test
2025-06-12T05:03:51.972Z [HEALTHSERVICE] error: Error test
2025-06-12T05:04:18.567Z [HEALTHSERVICE] error: Error rejimi
2025-06-12T05:04:18.574Z [HEALTHSERVICE] info: App started
2025-06-12T05:04:18.574Z [HEALTHSERVICE] warn: Warning test
2025-06-12T05:04:18.574Z [HEALTHSERVICE] error: Error test
2025-06-12T05:05:51.101Z [HEALTHSERVICE] error: Error rejimi
2025-06-12T05:05:51.108Z [HEALTHSERVICE] info: App started
2025-06-12T05:05:51.109Z [HEALTHSERVICE] warn: Warning test
2025-06-12T05:05:51.109Z [HEALTHSERVICE] error: Error test
2025-06-12T05:22:14.437Z [HEALTHSERVICE] error: Error rejimi
2025-06-12T05:22:14.443Z [HEALTHSERVICE] info: App started
2025-06-12T05:22:14.444Z [HEALTHSERVICE] warn: Warning test
2025-06-12T05:22:14.444Z [HEALTHSERVICE] error: Error test
2025-06-12T05:26:43.657Z [HEALTHSERVICE] error: Error rejimi
2025-06-12T05:26:43.673Z [HEALTHSERVICE] info: App started
2025-06-12T05:26:43.674Z [HEALTHSERVICE] warn: Warning test
2025-06-12T05:26:43.685Z [HEALTHSERVICE] error: Error test
2025-06-12T05:26:49.256Z [HEALTHSERVICE] error: Error rejimi
2025-06-12T05:26:49.262Z [HEALTHSERVICE] info: App started
2025-06-12T05:26:49.262Z [HEALTHSERVICE] warn: Warning test
2025-06-12T05:26:49.262Z [HEALTHSERVICE] error: Error test
2025-06-12T05:27:30.081Z [HEALTHSERVICE] error: Error rejimi
2025-06-12T05:27:30.087Z [HEALTHSERVICE] info: App started
2025-06-12T05:27:30.088Z [HEALTHSERVICE] warn: Warning test
2025-06-12T05:27:30.088Z [HEALTHSERVICE] error: Error test
2025-06-12T05:31:00.673Z [HEALTHSERVICE] error: Error rejimi
2025-06-12T05:31:00.679Z [HEALTHSERVICE] info: App started
2025-06-12T05:31:00.679Z [HEALTHSERVICE] warn: Warning test
2025-06-12T05:31:00.679Z [HEALTHSERVICE] error: Error test
2025-06-12T05:33:52.653Z [HEALTHSERVICE] error: Error rejimi
2025-06-12T05:33:52.659Z [HEALTHSERVICE] info: App started
2025-06-12T05:33:52.660Z [HEALTHSERVICE] warn: Warning test
2025-06-12T05:33:52.660Z [HEALTHSERVICE] error: Error test
2025-06-12T05:35:44.770Z [HEALTHSERVICE] error: Error rejimi
2025-06-12T05:35:44.780Z [HEALTHSERVICE] info: App started
2025-06-12T05:35:44.780Z [HEALTHSERVICE] warn: Warning test
2025-06-12T05:35:44.781Z [HEALTHSERVICE] error: Error test
2025-06-12T05:37:37.139Z [HEALTHSERVICE] error: Error rejimi
2025-06-12T05:37:37.145Z [HEALTHSERVICE] info: App started
2025-06-12T05:37:37.145Z [HEALTHSERVICE] warn: Warning test
2025-06-12T05:37:37.146Z [HEALTHSERVICE] error: Error test
2025-06-12T05:38:28.916Z [HEALTHSERVICE] error: Error rejimi
2025-06-12T05:38:28.926Z [HEALTHSERVICE] info: App started
2025-06-12T05:38:28.926Z [HEALTHSERVICE] warn: Warning test
2025-06-12T05:38:28.926Z [HEALTHSERVICE] error: Error test
2025-06-12T05:39:15.634Z [HEALTHSERVICE] error: Error rejimi
2025-06-12T05:39:15.642Z [HEALTHSERVICE] info: App started
2025-06-12T05:39:15.642Z [HEALTHSERVICE] warn: Warning test
2025-06-12T05:39:15.642Z [HEALTHSERVICE] error: Error test
2025-06-12T05:39:17.993Z [HEALTHSERVICE] error: Error rejimi
2025-06-12T05:39:17.999Z [HEALTHSERVICE] info: App started
2025-06-12T05:39:18.000Z [HEALTHSERVICE] warn: Warning test
2025-06-12T05:39:18.000Z [HEALTHSERVICE] error: Error test
2025-06-12T05:39:49.045Z [HEALTHSERVICE] error: Error rejimi
2025-06-12T05:39:49.057Z [HEALTHSERVICE] info: App started
2025-06-12T05:39:49.058Z [HEALTHSERVICE] warn: Warning test
2025-06-12T05:39:49.059Z [HEALTHSERVICE] error: Error test
2025-06-12T05:39:51.486Z [HEALTHSERVICE] error: Error rejimi
2025-06-12T05:39:51.493Z [HEALTHSERVICE] info: App started
2025-06-12T05:39:51.493Z [HEALTHSERVICE] warn: Warning test
2025-06-12T05:39:51.493Z [HEALTHSERVICE] error: Error test
2025-06-12T05:42:48.166Z [HEALTHSERVICE] error: Error rejimi
2025-06-12T05:42:48.173Z [HEALTHSERVICE] info: App started
2025-06-12T05:42:48.173Z [HEALTHSERVICE] warn: Warning test
2025-06-12T05:42:48.174Z [HEALTHSERVICE] error: Error test
2025-06-12T05:46:53.733Z [HEALTHSERVICE] error: Error rejimi
2025-06-12T05:46:53.738Z [HEALTHSERVICE] info: App started
2025-06-12T05:46:53.739Z [HEALTHSERVICE] warn: Warning test
2025-06-12T05:46:53.739Z [HEALTHSERVICE] error: Error test
2025-06-12T05:47:52.401Z [HEALTHSERVICE] error: Error rejimi
2025-06-12T05:47:52.412Z [HEALTHSERVICE] info: App started
2025-06-12T05:47:52.413Z [HEALTHSERVICE] warn: Warning test
2025-06-12T05:47:52.413Z [HEALTHSERVICE] error: Error test
2025-06-12T05:51:27.250Z [HEALTHSERVICE] error: Error rejimi
2025-06-12T05:51:27.260Z [HEALTHSERVICE] info: App started
2025-06-12T05:51:27.261Z [HEALTHSERVICE] warn: Warning test
2025-06-12T05:51:27.261Z [HEALTHSERVICE] error: Error test
2025-06-12T05:53:01.924Z [HEALTHSERVICE] error: Error rejimi
2025-06-12T05:53:01.929Z [HEALTHSERVICE] info: App started
2025-06-12T05:53:01.930Z [HEALTHSERVICE] warn: Warning test
2025-06-12T05:53:01.930Z [HEALTHSERVICE] error: Error test
2025-06-12T05:54:43.022Z [HEALTHSERVICE] error: Error rejimi
2025-06-12T05:54:43.029Z [HEALTHSERVICE] info: App started
2025-06-12T05:54:43.029Z [HEALTHSERVICE] warn: Warning test
2025-06-12T05:54:43.029Z [HEALTHSERVICE] error: Error test
2025-06-12T05:56:30.481Z [HEALTHSERVICE] error: Error rejimi
2025-06-12T05:56:30.488Z [HEALTHSERVICE] info: App started
2025-06-12T05:56:30.488Z [HEALTHSERVICE] warn: Warning test
2025-06-12T05:56:30.488Z [HEALTHSERVICE] error: Error test
2025-06-12T05:58:28.418Z [HEALTHSERVICE] error: Error rejimi
2025-06-12T05:58:28.425Z [HEALTHSERVICE] info: App started
2025-06-12T05:58:28.426Z [HEALTHSERVICE] warn: Warning test
2025-06-12T05:58:28.426Z [HEALTHSERVICE] error: Error test
2025-06-12T05:58:30.648Z [HEALTHSERVICE] error: Error rejimi
2025-06-12T05:58:30.654Z [HEALTHSERVICE] info: App started
2025-06-12T05:58:30.655Z [HEALTHSERVICE] warn: Warning test
2025-06-12T05:58:30.655Z [HEALTHSERVICE] error: Error test
2025-06-12T05:58:48.258Z [HEALTHSERVICE] error: Error rejimi
2025-06-12T05:58:48.264Z [HEALTHSERVICE] info: App started
2025-06-12T05:58:48.264Z [HEALTHSERVICE] warn: Warning test
2025-06-12T05:58:48.264Z [HEALTHSERVICE] error: Error test
2025-06-12T05:58:59.297Z [HEALTHSERVICE] error: Error rejimi
2025-06-12T05:58:59.305Z [HEALTHSERVICE] info: App started
2025-06-12T05:58:59.305Z [HEALTHSERVICE] warn: Warning test
2025-06-12T05:58:59.305Z [HEALTHSERVICE] error: Error test
2025-06-12T05:59:02.435Z [HEALTHSERVICE] error: Error rejimi
2025-06-12T05:59:02.442Z [HEALTHSERVICE] info: App started
2025-06-12T05:59:02.443Z [HEALTHSERVICE] warn: Warning test
2025-06-12T05:59:02.443Z [HEALTHSERVICE] error: Error test
2025-06-12T05:59:14.827Z [HEALTHSERVICE] error: Error rejimi
2025-06-12T05:59:14.836Z [HEALTHSERVICE] info: App started
2025-06-12T05:59:14.838Z [HEALTHSERVICE] warn: Warning test
2025-06-12T05:59:14.839Z [HEALTHSERVICE] error: Error test
2025-06-12T05:59:21.186Z [HEALTHSERVICE] error: Error rejimi
2025-06-12T05:59:21.194Z [HEALTHSERVICE] info: App started
2025-06-12T05:59:21.195Z [HEALTHSERVICE] warn: Warning test
2025-06-12T05:59:21.195Z [HEALTHSERVICE] error: Error test
2025-06-12T05:59:29.574Z [HEALTHSERVICE] error: Error rejimi
2025-06-12T05:59:29.583Z [HEALTHSERVICE] info: App started
2025-06-12T05:59:29.584Z [HEALTHSERVICE] warn: Warning test
2025-06-12T05:59:29.584Z [HEALTHSERVICE] error: Error test
2025-06-12T05:59:35.549Z [HEALTHSERVICE] error: Error rejimi
2025-06-12T05:59:35.559Z [HEALTHSERVICE] info: App started
2025-06-12T05:59:35.560Z [HEALTHSERVICE] warn: Warning test
2025-06-12T05:59:35.560Z [HEALTHSERVICE] error: Error test
2025-06-12T06:02:25.847Z [HEALTHSERVICE] error: Error rejimi
2025-06-12T06:02:25.854Z [HEALTHSERVICE] info: App started
2025-06-12T06:02:25.855Z [HEALTHSERVICE] warn: Warning test
2025-06-12T06:02:25.855Z [HEALTHSERVICE] error: Error test
2025-06-12T06:02:29.062Z [HEALTHSERVICE] error: Error rejimi
2025-06-12T06:02:29.070Z [HEALTHSERVICE] info: App started
2025-06-12T06:02:29.071Z [HEALTHSERVICE] warn: Warning test
2025-06-12T06:02:29.071Z [HEALTHSERVICE] error: Error test
2025-06-12T06:02:53.366Z [HEALTHSERVICE] error: Error rejimi
2025-06-12T06:02:53.372Z [HEALTHSERVICE] info: App started
2025-06-12T06:02:53.373Z [HEALTHSERVICE] warn: Warning test
2025-06-12T06:02:53.373Z [HEALTHSERVICE] error: Error test
2025-06-12T06:04:16.379Z [HEALTHSERVICE] error: Error rejimi
2025-06-12T06:04:16.387Z [HEALTHSERVICE] info: App started
2025-06-12T06:04:16.387Z [HEALTHSERVICE] warn: Warning test
2025-06-12T06:04:16.387Z [HEALTHSERVICE] error: Error test
2025-06-12T06:04:19.572Z [HEALTHSERVICE] error: Error rejimi
2025-06-12T06:04:19.578Z [HEALTHSERVICE] info: App started
2025-06-12T06:04:19.579Z [HEALTHSERVICE] warn: Warning test
2025-06-12T06:04:19.579Z [HEALTHSERVICE] error: Error test
2025-06-12T06:07:00.912Z [HEALTHSERVICE] error: Error rejimi
2025-06-12T06:07:00.918Z [HEALTHSERVICE] info: App started
2025-06-12T06:07:00.919Z [HEALTHSERVICE] warn: Warning test
2025-06-12T06:07:00.919Z [HEALTHSERVICE] error: Error test
2025-06-12T06:10:33.383Z [HEALTHSERVICE] error: Error rejimi
2025-06-12T06:10:33.390Z [HEALTHSERVICE] info: App started
2025-06-12T06:10:33.390Z [HEALTHSERVICE] warn: Warning test
2025-06-12T06:10:33.390Z [HEALTHSERVICE] error: Error test
2025-06-12T06:11:20.258Z [HEALTHSERVICE] error: Error rejimi
2025-06-12T06:11:20.264Z [HEALTHSERVICE] info: App started
2025-06-12T06:11:20.265Z [HEALTHSERVICE] warn: Warning test
2025-06-12T06:11:20.265Z [HEALTHSERVICE] error: Error test
2025-06-12T06:11:31.163Z [HEALTHSERVICE] error: Error rejimi
2025-06-12T06:11:31.191Z [HEALTHSERVICE] info: App started
2025-06-12T06:11:31.193Z [HEALTHSERVICE] warn: Warning test
2025-06-12T06:11:31.194Z [HEALTHSERVICE] error: Error test
2025-06-12T06:12:27.778Z [HEALTHSERVICE] error: Error rejimi
2025-06-12T06:12:27.789Z [HEALTHSERVICE] info: App started
2025-06-12T06:12:27.790Z [HEALTHSERVICE] warn: Warning test
2025-06-12T06:12:27.790Z [HEALTHSERVICE] error: Error test
2025-06-12T06:13:25.509Z [HEALTHSERVICE] error: Error rejimi
2025-06-12T06:13:25.525Z [HEALTHSERVICE] info: App started
2025-06-12T06:13:25.526Z [HEALTHSERVICE] warn: Warning test
2025-06-12T06:13:25.526Z [HEALTHSERVICE] error: Error test
2025-06-12T06:13:36.720Z [HEALTHSERVICE] error: Error rejimi
2025-06-12T06:13:36.735Z [HEALTHSERVICE] info: App started
2025-06-12T06:13:36.736Z [HEALTHSERVICE] warn: Warning test
2025-06-12T06:13:36.736Z [HEALTHSERVICE] error: Error test
2025-06-12T06:16:10.505Z [HEALTHSERVICE] error: Error rejimi
2025-06-12T06:16:10.515Z [HEALTHSERVICE] info: App started
2025-06-12T06:16:10.515Z [HEALTHSERVICE] warn: Warning test
2025-06-12T06:16:10.516Z [HEALTHSERVICE] error: Error test
2025-06-12T06:17:40.256Z [HEALTHSERVICE] error: Error rejimi
2025-06-12T06:17:40.264Z [HEALTHSERVICE] info: App started
2025-06-12T06:17:40.265Z [HEALTHSERVICE] warn: Warning test
2025-06-12T06:17:40.265Z [HEALTHSERVICE] error: Error test
2025-06-12T06:24:55.285Z [HEALTHSERVICE] error: Error rejimi
2025-06-12T06:24:55.298Z [HEALTHSERVICE] info: App started
2025-06-12T06:24:55.298Z [HEALTHSERVICE] warn: Warning test
2025-06-12T06:24:55.299Z [HEALTHSERVICE] error: Error test
2025-06-12T06:28:05.081Z [HEALTHSERVICE] error: Error rejimi
2025-06-12T06:28:05.097Z [HEALTHSERVICE] info: App started
2025-06-12T06:28:05.098Z [HEALTHSERVICE] warn: Warning test
2025-06-12T06:28:05.099Z [HEALTHSERVICE] error: Error test
2025-06-12T06:29:19.944Z [HEALTHSERVICE] error: Error rejimi
2025-06-12T06:29:19.963Z [HEALTHSERVICE] info: App started
2025-06-12T06:29:19.964Z [HEALTHSERVICE] warn: Warning test
2025-06-12T06:29:19.965Z [HEALTHSERVICE] error: Error test
2025-06-12T06:29:45.799Z [HEALTHSERVICE] error: Error rejimi
2025-06-12T06:29:45.818Z [HEALTHSERVICE] info: App started
2025-06-12T06:29:45.820Z [HEALTHSERVICE] warn: Warning test
2025-06-12T06:29:45.821Z [HEALTHSERVICE] error: Error test
2025-06-12T06:30:08.129Z [HEALTHSERVICE] error: Error rejimi
2025-06-12T06:30:08.144Z [HEALTHSERVICE] info: App started
2025-06-12T06:30:08.145Z [HEALTHSERVICE] warn: Warning test
2025-06-12T06:30:08.145Z [HEALTHSERVICE] error: Error test
2025-06-12T06:30:35.162Z [HEALTHSERVICE] error: Error rejimi
2025-06-12T06:30:35.192Z [HEALTHSERVICE] info: App started
2025-06-12T06:30:35.194Z [HEALTHSERVICE] warn: Warning test
2025-06-12T06:30:35.195Z [HEALTHSERVICE] error: Error test
2025-06-12T06:30:40.157Z [HEALTHSERVICE] error: Error rejimi
2025-06-12T06:30:40.176Z [HEALTHSERVICE] info: App started
2025-06-12T06:30:40.177Z [HEALTHSERVICE] warn: Warning test
2025-06-12T06:30:40.177Z [HEALTHSERVICE] error: Error test
2025-06-12T06:30:44.829Z [HEALTHSERVICE] error: Error rejimi
2025-06-12T06:30:44.842Z [HEALTHSERVICE] info: App started
2025-06-12T06:30:44.844Z [HEALTHSERVICE] warn: Warning test
2025-06-12T06:30:44.845Z [HEALTHSERVICE] error: Error test
2025-06-12T06:31:19.237Z [HEALTHSERVICE] error: Error rejimi
2025-06-12T06:31:19.245Z [HEALTHSERVICE] info: App started
2025-06-12T06:31:19.246Z [HEALTHSERVICE] warn: Warning test
2025-06-12T06:31:19.247Z [HEALTHSERVICE] error: Error test
2025-06-12T06:31:23.979Z [HEALTHSERVICE] error: Error rejimi
2025-06-12T06:31:23.994Z [HEALTHSERVICE] info: App started
2025-06-12T06:31:23.995Z [HEALTHSERVICE] warn: Warning test
2025-06-12T06:31:23.995Z [HEALTHSERVICE] error: Error test
2025-06-12T06:31:40.154Z [HEALTHSERVICE] error: Error rejimi
2025-06-12T06:31:40.165Z [HEALTHSERVICE] info: App started
2025-06-12T06:31:40.166Z [HEALTHSERVICE] warn: Warning test
2025-06-12T06:31:40.166Z [HEALTHSERVICE] error: Error test
2025-06-12T06:31:44.985Z [HEALTHSERVICE] error: Error rejimi
2025-06-12T06:31:44.996Z [HEALTHSERVICE] info: App started
2025-06-12T06:31:44.997Z [HEALTHSERVICE] warn: Warning test
2025-06-12T06:31:44.998Z [HEALTHSERVICE] error: Error test
2025-06-12T06:32:25.233Z [HEALTHSERVICE] error: Error rejimi
2025-06-12T06:32:25.252Z [HEALTHSERVICE] info: App started
2025-06-12T06:32:25.253Z [HEALTHSERVICE] warn: Warning test
2025-06-12T06:32:25.254Z [HEALTHSERVICE] error: Error test
2025-06-12T06:32:28.711Z [HEALTHSERVICE] error: Error rejimi
2025-06-12T06:32:28.724Z [HEALTHSERVICE] info: App started
2025-06-12T06:32:28.725Z [HEALTHSERVICE] warn: Warning test
2025-06-12T06:32:28.726Z [HEALTHSERVICE] error: Error test
2025-06-12T06:32:33.800Z [HEALTHSERVICE] error: Error rejimi
2025-06-12T06:32:33.826Z [HEALTHSERVICE] info: App started
2025-06-12T06:32:33.827Z [HEALTHSERVICE] warn: Warning test
2025-06-12T06:32:33.828Z [HEALTHSERVICE] error: Error test
2025-06-12T06:32:39.065Z [HEALTHSERVICE] error: Error rejimi
2025-06-12T06:32:39.083Z [HEALTHSERVICE] info: App started
2025-06-12T06:32:39.084Z [HEALTHSERVICE] warn: Warning test
2025-06-12T06:32:39.085Z [HEALTHSERVICE] error: Error test
2025-06-12T06:36:03.104Z [HEALTHSERVICE] error: Error rejimi
2025-06-12T06:36:03.109Z [HEALTHSERVICE] info: App started
2025-06-12T06:36:03.110Z [HEALTHSERVICE] warn: Warning test
2025-06-12T06:36:03.110Z [HEALTHSERVICE] error: Error test
2025-06-12T06:39:49.640Z [HEALTHSERVICE] error: Error rejimi
2025-06-12T06:39:49.654Z [HEALTHSERVICE] info: App started
2025-06-12T06:39:49.655Z [HEALTHSERVICE] warn: Warning test
2025-06-12T06:39:49.656Z [HEALTHSERVICE] error: Error test
2025-06-12T06:42:24.233Z [HEALTHSERVICE] error: Error rejimi
2025-06-12T06:42:24.250Z [HEALTHSERVICE] info: App started
2025-06-12T06:42:24.252Z [HEALTHSERVICE] warn: Warning test
2025-06-12T06:42:24.252Z [HEALTHSERVICE] error: Error test
2025-06-12T06:45:31.954Z [HEALTHSERVICE] error: Error rejimi
2025-06-12T06:45:31.962Z [HEALTHSERVICE] info: App started
2025-06-12T06:45:31.963Z [HEALTHSERVICE] warn: Warning test
2025-06-12T06:45:31.963Z [HEALTHSERVICE] error: Error test
2025-06-12T06:45:38.692Z [HEALTHSERVICE] error: Error rejimi
2025-06-12T06:45:38.721Z [HEALTHSERVICE] info: App started
2025-06-12T06:45:38.721Z [HEALTHSERVICE] warn: Warning test
2025-06-12T06:45:38.722Z [HEALTHSERVICE] error: Error test
2025-06-12T06:46:03.137Z [HEALTHSERVICE] error: Error rejimi
2025-06-12T06:46:03.144Z [HEALTHSERVICE] info: App started
2025-06-12T06:46:03.144Z [HEALTHSERVICE] warn: Warning test
2025-06-12T06:46:03.145Z [HEALTHSERVICE] error: Error test
2025-06-12T06:46:33.155Z [HEALTHSERVICE] error: Error rejimi
2025-06-12T06:46:33.164Z [HEALTHSERVICE] info: App started
2025-06-12T06:46:33.165Z [HEALTHSERVICE] warn: Warning test
2025-06-12T06:46:33.165Z [HEALTHSERVICE] error: Error test
2025-06-12T06:46:40.251Z [HEALTHSERVICE] error: Error rejimi
2025-06-12T06:46:40.261Z [HEALTHSERVICE] info: App started
2025-06-12T06:46:40.262Z [HEALTHSERVICE] warn: Warning test
2025-06-12T06:46:40.263Z [HEALTHSERVICE] error: Error test
2025-06-12T06:48:49.253Z [HEALTHSERVICE] error: Error rejimi
2025-06-12T06:48:49.264Z [HEALTHSERVICE] info: App started
2025-06-12T06:48:49.265Z [HEALTHSERVICE] warn: Warning test
2025-06-12T06:48:49.265Z [HEALTHSERVICE] error: Error test
2025-06-12T06:51:52.405Z [HEALTHSERVICE] error: Error rejimi
2025-06-12T06:51:52.428Z [HEALTHSERVICE] info: App started
2025-06-12T06:51:52.430Z [HEALTHSERVICE] warn: Warning test
2025-06-12T06:51:52.431Z [HEALTHSERVICE] error: Error test
2025-06-12T06:52:01.524Z [HEALTHSERVICE] error: Error rejimi
2025-06-12T06:52:01.541Z [HEALTHSERVICE] info: App started
2025-06-12T06:52:01.542Z [HEALTHSERVICE] warn: Warning test
2025-06-12T06:52:01.543Z [HEALTHSERVICE] error: Error test
2025-06-12T06:52:45.475Z [HEALTHSERVICE] error: Error rejimi
2025-06-12T06:52:45.508Z [HEALTHSERVICE] info: App started
2025-06-12T06:52:45.511Z [HEALTHSERVICE] warn: Warning test
2025-06-12T06:52:45.514Z [HEALTHSERVICE] error: Error test
2025-06-12T06:52:51.582Z [HEALTHSERVICE] error: Error rejimi
2025-06-12T06:52:51.609Z [HEALTHSERVICE] info: App started
2025-06-12T06:52:51.610Z [HEALTHSERVICE] warn: Warning test
2025-06-12T06:52:51.611Z [HEALTHSERVICE] error: Error test
2025-06-12T06:54:31.795Z [HEALTHSERVICE] error: Error rejimi
2025-06-12T06:54:31.807Z [HEALTHSERVICE] info: App started
2025-06-12T06:54:31.808Z [HEALTHSERVICE] warn: Warning test
2025-06-12T06:54:31.808Z [HEALTHSERVICE] error: Error test
2025-06-12T07:00:51.051Z [HEALTHSERVICE] error: Error rejimi
2025-06-12T07:00:51.065Z [HEALTHSERVICE] info: App started
2025-06-12T07:00:51.066Z [HEALTHSERVICE] warn: Warning test
2025-06-12T07:00:51.066Z [HEALTHSERVICE] error: Error test
2025-06-12T07:00:55.652Z [HEALTHSERVICE] error: Error rejimi
2025-06-12T07:00:55.665Z [HEALTHSERVICE] info: App started
2025-06-12T07:00:55.666Z [HEALTHSERVICE] warn: Warning test
2025-06-12T07:00:55.667Z [HEALTHSERVICE] error: Error test
2025-06-12T07:01:01.231Z [HEALTHSERVICE] error: Error rejimi
2025-06-12T07:01:01.244Z [HEALTHSERVICE] info: App started
2025-06-12T07:01:01.245Z [HEALTHSERVICE] warn: Warning test
2025-06-12T07:01:01.246Z [HEALTHSERVICE] error: Error test
2025-06-12T07:05:29.472Z [HEALTHSERVICE] error: Error rejimi
2025-06-12T07:05:29.482Z [HEALTHSERVICE] info: App started
2025-06-12T07:05:29.483Z [HEALTHSERVICE] warn: Warning test
2025-06-12T07:05:29.483Z [HEALTHSERVICE] error: Error test
2025-06-12T07:55:16.478Z [HEALTHSERVICE] error: Error rejimi
2025-06-12T07:55:16.484Z [HEALTHSERVICE] info: App started
2025-06-12T07:55:16.484Z [HEALTHSERVICE] warn: Warning test
2025-06-12T07:55:16.485Z [HEALTHSERVICE] error: Error test
2025-06-12T07:55:18.359Z [HEALTHSERVICE] error: Error rejimi
2025-06-12T07:55:18.365Z [HEALTHSERVICE] info: App started
2025-06-12T07:55:18.366Z [HEALTHSERVICE] warn: Warning test
2025-06-12T07:55:18.366Z [HEALTHSERVICE] error: Error test
2025-06-12T07:55:19.889Z [HEALTHSERVICE] error: Error rejimi
2025-06-12T07:55:19.894Z [HEALTHSERVICE] info: App started
2025-06-12T07:55:19.895Z [HEALTHSERVICE] warn: Warning test
2025-06-12T07:55:19.895Z [HEALTHSERVICE] error: Error test
2025-06-12T07:55:31.355Z [HEALTHSERVICE] error: Error rejimi
2025-06-12T07:55:31.360Z [HEALTHSERVICE] info: App started
2025-06-12T07:55:31.361Z [HEALTHSERVICE] warn: Warning test
2025-06-12T07:55:31.361Z [HEALTHSERVICE] error: Error test
2025-06-12T07:56:17.063Z [HEALTHSERVICE] error: Error rejimi
2025-06-12T07:56:17.068Z [HEALTHSERVICE] info: App started
2025-06-12T07:56:17.069Z [HEALTHSERVICE] warn: Warning test
2025-06-12T07:56:17.069Z [HEALTHSERVICE] error: Error test
2025-06-12T07:56:59.602Z [HEALTHSERVICE] error: Error rejimi
2025-06-12T07:56:59.608Z [HEALTHSERVICE] info: App started
2025-06-12T07:56:59.608Z [HEALTHSERVICE] warn: Warning test
2025-06-12T07:56:59.608Z [HEALTHSERVICE] error: Error test
2025-06-12T07:57:25.053Z [HEALTHSERVICE] error: Error rejimi
2025-06-12T07:57:25.059Z [HEALTHSERVICE] info: App started
2025-06-12T07:57:25.060Z [HEALTHSERVICE] warn: Warning test
2025-06-12T07:57:25.060Z [HEALTHSERVICE] error: Error test
2025-06-12T07:57:37.059Z [HEALTHSERVICE] error: Error rejimi
2025-06-12T07:57:37.070Z [HEALTHSERVICE] info: App started
2025-06-12T07:57:37.070Z [HEALTHSERVICE] warn: Warning test
2025-06-12T07:57:37.071Z [HEALTHSERVICE] error: Error test
2025-06-12T07:57:45.463Z [HEALTHSERVICE] error: Error rejimi
2025-06-12T07:57:45.475Z [HEALTHSERVICE] info: App started
2025-06-12T07:57:45.476Z [HEALTHSERVICE] warn: Warning test
2025-06-12T07:57:45.476Z [HEALTHSERVICE] error: Error test
2025-06-12T08:00:33.959Z [HEALTHSERVICE] error: Error rejimi
2025-06-12T08:00:33.965Z [HEALTHSERVICE] info: App started
2025-06-12T08:00:33.965Z [HEALTHSERVICE] warn: Warning test
2025-06-12T08:00:33.966Z [HEALTHSERVICE] error: Error test
2025-06-12T08:58:35.150Z [HEALTHSERVICE] error: Error rejimi
2025-06-12T08:58:35.156Z [HEALTHSERVICE] info: App started
2025-06-12T08:58:35.157Z [HEALTHSERVICE] warn: Warning test
2025-06-12T08:58:35.157Z [HEALTHSERVICE] error: Error test
2025-06-12T08:58:36.559Z [HEALTHSERVICE] error: Error rejimi
2025-06-12T08:58:36.567Z [HEALTHSERVICE] info: App started
2025-06-12T08:58:36.568Z [HEALTHSERVICE] warn: Warning test
2025-06-12T08:58:36.568Z [HEALTHSERVICE] error: Error test
2025-06-12T08:58:52.713Z [HEALTHSERVICE] error: Error rejimi
2025-06-12T08:58:52.720Z [HEALTHSERVICE] info: App started
2025-06-12T08:58:52.721Z [HEALTHSERVICE] warn: Warning test
2025-06-12T08:58:52.721Z [HEALTHSERVICE] error: Error test
