2025-06-10T17:34:51.972Z [HEALTHSERVICE] error: Error rejimi
2025-06-10T17:34:51.979Z [HEALTHSERVICE] error: Error rejimi
2025-06-10T17:34:52.097Z [HEALTHSERVICE] error: unhandledRejection: Unhandled error. ('error: relation "public.logs" does not exist\n' +
  '    at C:\\Users\\User\\Desktop\\healthService\\node_modules\\pg\\lib\\client.js:545:17\n' +
  '    at process.processTicksAndRejections (node:internal/process/task_queues:105:5)')
Error [ERR_UNHANDLED_ERROR]: Unhandled error. ('error: relation "public.logs" does not exist\n' +
  '    at C:\\Users\\User\\Desktop\\healthService\\node_modules\\pg\\lib\\client.js:545:17\n' +
  '    at process.processTicksAndRejections (node:internal/process/task_queues:105:5)')
    at DerivedLogger.emit (node:events:507:17)
    at DerivedLogger.transportEvent (C:\Users\User\Desktop\healthService\node_modules\winston\lib\winston\logger.js:640:12)
    at PostgresTransport.emit (node:events:530:35)
    at C:\Users\User\Desktop\healthService\node_modules\@innova2\winston-pg\dist\postgres-transport.js:70:18
    at process.processTicksAndRejections (node:internal/process/task_queues:105:5)
2025-06-10T17:34:53.934Z [HEALTHSERVICE] error: Error rejimi
2025-06-10T17:34:53.940Z [HEALTHSERVICE] error: Error rejimi
2025-06-10T17:35:52.379Z [HEALTHSERVICE] error: Error rejimi
2025-06-10T17:35:52.386Z [HEALTHSERVICE] error: Error test
2025-06-10T17:35:56.604Z [HEALTHSERVICE] error: Error rejimi
2025-06-10T17:35:56.611Z [HEALTHSERVICE] error: Error test
2025-06-10T17:36:56.234Z [HEALTHSERVICE] error: Error rejimi
2025-06-10T17:36:56.241Z [HEALTHSERVICE] error: Error test
2025-06-11T05:24:39.435Z [HEALTHSERVICE] error: Error rejimi
2025-06-11T05:24:39.442Z [HEALTHSERVICE] error: Error test
2025-06-11T05:24:40.873Z [HEALTHSERVICE] error: Error rejimi
2025-06-11T05:24:40.883Z [HEALTHSERVICE] error: Error test
2025-06-11T05:27:59.129Z [HEALTHSERVICE] error: Error rejimi
2025-06-11T05:27:59.136Z [HEALTHSERVICE] error: Error test
2025-06-11T05:31:56.763Z [HEALTHSERVICE] error: Error rejimi
2025-06-11T05:31:56.770Z [HEALTHSERVICE] error: Error test
2025-06-11T05:32:24.235Z [HEALTHSERVICE] error: Error rejimi
2025-06-11T05:32:24.260Z [HEALTHSERVICE] error: Error test
2025-06-11T05:33:04.356Z [HEALTHSERVICE] error: Error rejimi
2025-06-11T05:33:04.372Z [HEALTHSERVICE] error: Error test
2025-06-11T05:33:34.942Z [HEALTHSERVICE] error: Error rejimi
2025-06-11T05:33:34.953Z [HEALTHSERVICE] error: Error test
2025-06-11T05:33:47.391Z [HEALTHSERVICE] error: Error rejimi
2025-06-11T05:33:47.407Z [HEALTHSERVICE] error: Error test
2025-06-11T05:35:11.898Z [HEALTHSERVICE] error: Error rejimi
2025-06-11T05:35:11.912Z [HEALTHSERVICE] error: Error test
2025-06-11T05:35:52.038Z [HEALTHSERVICE] error: Error rejimi
2025-06-11T05:35:52.048Z [HEALTHSERVICE] error: Error test
2025-06-11T05:35:58.690Z [HEALTHSERVICE] error: Error rejimi
2025-06-11T05:35:58.701Z [HEALTHSERVICE] error: Error test
2025-06-11T05:36:24.517Z [HEALTHSERVICE] error: Error rejimi
2025-06-11T05:36:24.534Z [HEALTHSERVICE] error: Error test
2025-06-11T06:03:15.901Z [HEALTHSERVICE] error: Error rejimi
2025-06-11T06:03:15.916Z [HEALTHSERVICE] error: Error test
2025-06-11T06:15:46.149Z [HEALTHSERVICE] error: Error rejimi
2025-06-11T06:15:46.157Z [HEALTHSERVICE] error: Error test
2025-06-11T06:16:59.482Z [HEALTHSERVICE] error: Error rejimi
2025-06-11T06:16:59.494Z [HEALTHSERVICE] error: Error test
2025-06-11T06:24:22.729Z [HEALTHSERVICE] error: Error rejimi
2025-06-11T06:24:22.736Z [HEALTHSERVICE] error: Error test
2025-06-11T06:24:36.349Z [HEALTHSERVICE] error: Error rejimi
2025-06-11T06:24:36.357Z [HEALTHSERVICE] error: Error test
2025-06-11T06:24:39.525Z [HEALTHSERVICE] error: Error rejimi
2025-06-11T06:24:39.531Z [HEALTHSERVICE] error: Error test
2025-06-11T06:24:44.344Z [HEALTHSERVICE] error: Error rejimi
2025-06-11T06:24:44.351Z [HEALTHSERVICE] error: Error test
2025-06-11T06:29:22.223Z [HEALTHSERVICE] error: Error rejimi
2025-06-11T06:29:22.233Z [HEALTHSERVICE] error: Error test
2025-06-11T06:29:27.802Z [HEALTHSERVICE] error: Error rejimi
2025-06-11T06:29:27.808Z [HEALTHSERVICE] error: Error test
2025-06-11T06:29:38.305Z [HEALTHSERVICE] error: Error rejimi
2025-06-11T06:29:38.317Z [HEALTHSERVICE] error: Error test
2025-06-11T06:29:41.011Z [HEALTHSERVICE] error: Error rejimi
2025-06-11T06:29:41.018Z [HEALTHSERVICE] error: Error test
2025-06-11T06:31:41.795Z [HEALTHSERVICE] error: Error rejimi
2025-06-11T06:31:41.801Z [HEALTHSERVICE] error: Error test
2025-06-11T06:37:30.350Z [HEALTHSERVICE] error: Error rejimi
2025-06-11T06:37:30.359Z [HEALTHSERVICE] error: Error test
2025-06-11T06:37:31.911Z [HEALTHSERVICE] error: Error rejimi
2025-06-11T06:37:31.918Z [HEALTHSERVICE] error: Error test
2025-06-11T06:39:58.074Z [HEALTHSERVICE] error: Error rejimi
2025-06-11T06:39:58.082Z [HEALTHSERVICE] error: Error test
2025-06-11T06:40:06.621Z [HEALTHSERVICE] error: Error rejimi
2025-06-11T06:40:06.632Z [HEALTHSERVICE] error: Error test
2025-06-11T06:41:17.900Z [HEALTHSERVICE] error: Error rejimi
2025-06-11T06:41:17.907Z [HEALTHSERVICE] error: Error test
2025-06-11T06:41:40.483Z [HEALTHSERVICE] error: Error rejimi
2025-06-11T06:41:40.494Z [HEALTHSERVICE] error: Error test
2025-06-11T06:41:44.520Z [HEALTHSERVICE] error: Error rejimi
2025-06-11T06:41:44.529Z [HEALTHSERVICE] error: Error test
2025-06-11T06:47:49.275Z [HEALTHSERVICE] error: Error rejimi
2025-06-11T06:47:49.286Z [HEALTHSERVICE] error: Error test
2025-06-11T06:47:58.673Z [HEALTHSERVICE] error: Error rejimi
2025-06-11T06:47:58.704Z [HEALTHSERVICE] error: Error test
2025-06-11T06:59:09.581Z [HEALTHSERVICE] error: Error rejimi
2025-06-11T06:59:09.593Z [HEALTHSERVICE] error: Error test
2025-06-11T06:59:53.097Z [HEALTHSERVICE] error: Error rejimi
2025-06-11T06:59:53.106Z [HEALTHSERVICE] error: Error test
