2025-06-11T06:44:43.105Z [HEALTHSERVICE] error: uncaughtException: changePassword is not defined
ReferenceError: changePassword is not defined
    at Object.<anonymous> (C:\Users\User\Desktop\healthService\controllers\admin.controller.js:181:3)
    at Module._compile (node:internal/modules/cjs/loader:1554:14)
    at Object..js (node:internal/modules/cjs/loader:1706:10)
    at Module.load (node:internal/modules/cjs/loader:1289:32)
    at Function._load (node:internal/modules/cjs/loader:1108:12)
    at TracingChannel.traceSync (node:diagnostics_channel:322:14)
    at wrapModuleLoad (node:internal/modules/cjs/loader:220:24)
    at Module.require (node:internal/modules/cjs/loader:1311:12)
    at require (node:internal/modules/helpers:136:16)
    at Object.<anonymous> (C:\Users\User\Desktop\healthService\routes\admin.routes.js:3:25)
2025-06-11T06:44:50.844Z [HEALTHSERVICE] error: uncaughtException: changePassword is not defined
ReferenceError: changePassword is not defined
    at Object.<anonymous> (C:\Users\User\Desktop\healthService\controllers\admin.controller.js:181:3)
    at Module._compile (node:internal/modules/cjs/loader:1554:14)
    at Object..js (node:internal/modules/cjs/loader:1706:10)
    at Module.load (node:internal/modules/cjs/loader:1289:32)
    at Function._load (node:internal/modules/cjs/loader:1108:12)
    at TracingChannel.traceSync (node:diagnostics_channel:322:14)
    at wrapModuleLoad (node:internal/modules/cjs/loader:220:24)
    at Module.require (node:internal/modules/cjs/loader:1311:12)
    at require (node:internal/modules/helpers:136:16)
    at Object.<anonymous> (C:\Users\User\Desktop\healthService\routes\admin.routes.js:3:25)
2025-06-11T06:44:53.201Z [HEALTHSERVICE] error: uncaughtException: changePassword is not defined
ReferenceError: changePassword is not defined
    at Object.<anonymous> (C:\Users\User\Desktop\healthService\controllers\admin.controller.js:181:3)
    at Module._compile (node:internal/modules/cjs/loader:1554:14)
    at Object..js (node:internal/modules/cjs/loader:1706:10)
    at Module.load (node:internal/modules/cjs/loader:1289:32)
    at Function._load (node:internal/modules/cjs/loader:1108:12)
    at TracingChannel.traceSync (node:diagnostics_channel:322:14)
    at wrapModuleLoad (node:internal/modules/cjs/loader:220:24)
    at Module.require (node:internal/modules/cjs/loader:1311:12)
    at require (node:internal/modules/helpers:136:16)
    at Object.<anonymous> (C:\Users\User\Desktop\healthService\routes\admin.routes.js:3:25)
2025-06-11T06:45:23.822Z [HEALTHSERVICE] error: uncaughtException: changePassword is not defined
ReferenceError: changePassword is not defined
    at Object.<anonymous> (C:\Users\User\Desktop\healthService\controllers\admin.controller.js:181:3)
    at Module._compile (node:internal/modules/cjs/loader:1554:14)
    at Object..js (node:internal/modules/cjs/loader:1706:10)
    at Module.load (node:internal/modules/cjs/loader:1289:32)
    at Function._load (node:internal/modules/cjs/loader:1108:12)
    at TracingChannel.traceSync (node:diagnostics_channel:322:14)
    at wrapModuleLoad (node:internal/modules/cjs/loader:220:24)
    at Module.require (node:internal/modules/cjs/loader:1311:12)
    at require (node:internal/modules/helpers:136:16)
    at Object.<anonymous> (C:\Users\User\Desktop\healthService\routes\admin.routes.js:3:25)
2025-06-11T06:45:25.623Z [HEALTHSERVICE] error: uncaughtException: changePassword is not defined
ReferenceError: changePassword is not defined
    at Object.<anonymous> (C:\Users\User\Desktop\healthService\controllers\admin.controller.js:182:3)
    at Module._compile (node:internal/modules/cjs/loader:1554:14)
    at Object..js (node:internal/modules/cjs/loader:1706:10)
    at Module.load (node:internal/modules/cjs/loader:1289:32)
    at Function._load (node:internal/modules/cjs/loader:1108:12)
    at TracingChannel.traceSync (node:diagnostics_channel:322:14)
    at wrapModuleLoad (node:internal/modules/cjs/loader:220:24)
    at Module.require (node:internal/modules/cjs/loader:1311:12)
    at require (node:internal/modules/helpers:136:16)
    at Object.<anonymous> (C:\Users\User\Desktop\healthService\routes\admin.routes.js:3:25)
2025-06-11T06:45:30.788Z [HEALTHSERVICE] error: uncaughtException: changePassword is not defined
ReferenceError: changePassword is not defined
    at Object.<anonymous> (C:\Users\User\Desktop\healthService\controllers\admin.controller.js:182:3)
    at Module._compile (node:internal/modules/cjs/loader:1554:14)
    at Object..js (node:internal/modules/cjs/loader:1706:10)
    at Module.load (node:internal/modules/cjs/loader:1289:32)
    at Function._load (node:internal/modules/cjs/loader:1108:12)
    at TracingChannel.traceSync (node:diagnostics_channel:322:14)
    at wrapModuleLoad (node:internal/modules/cjs/loader:220:24)
    at Module.require (node:internal/modules/cjs/loader:1311:12)
    at require (node:internal/modules/helpers:136:16)
    at Object.<anonymous> (C:\Users\User\Desktop\healthService\routes\admin.routes.js:3:25)
2025-06-11T06:45:32.376Z [HEALTHSERVICE] error: uncaughtException: changePassword is not defined
ReferenceError: changePassword is not defined
    at Object.<anonymous> (C:\Users\User\Desktop\healthService\controllers\admin.controller.js:182:3)
    at Module._compile (node:internal/modules/cjs/loader:1554:14)
    at Object..js (node:internal/modules/cjs/loader:1706:10)
    at Module.load (node:internal/modules/cjs/loader:1289:32)
    at Function._load (node:internal/modules/cjs/loader:1108:12)
    at TracingChannel.traceSync (node:diagnostics_channel:322:14)
    at wrapModuleLoad (node:internal/modules/cjs/loader:220:24)
    at Module.require (node:internal/modules/cjs/loader:1311:12)
    at require (node:internal/modules/helpers:136:16)
    at Object.<anonymous> (C:\Users\User\Desktop\healthService\routes\admin.routes.js:3:25)
